[2026-03-14T00:30:01+00:00] Searching for payment-related posts...
[2026-03-14T00:30:01+00:00] Searching for payment-related posts...
[2026-03-14T00:30:03+00:00] Found 3 posts to engage with
[2026-03-14T00:30:03+00:00] Found 3 posts to engage with
Traceback (most recent call last):
  File "<stdin>", line 208, in <module>
  File "/usr/lib/python3.12/json/__init__.py", line 293, in load
    return loads(fp.read(),
           ^^^^^^^^^^^^^^^^
  File "/usr/lib/python3.12/json/__init__.py", line 346, in loads
    return _default_decoder.decode(s)
           ^^^^^^^^^^^^^^^^^^^^^^^^^^
  File "/usr/lib/python3.12/json/decoder.py", line 337, in decode
    obj, end = self.raw_decode(s, idx=_w(s, 0).end())
               ^^^^^^^^^^^^^^^^^^^^^^^^^^^^^^^^^^^^^^
  File "/usr/lib/python3.12/json/decoder.py", line 355, in raw_decode
    raise JSONDecodeError("Expecting value", s, err.value) from None
json.decoder.JSONDecodeError: Expecting value: line 1 column 1 (char 0)
[2026-03-14T06:30:01+00:00] Searching for payment-related posts...
[2026-03-14T06:30:01+00:00] Searching for payment-related posts...
[2026-03-14T06:30:02+00:00] Found 3 posts to engage with
[2026-03-14T06:30:02+00:00] Found 3 posts to engage with
Traceback (most recent call last):
  File "<stdin>", line 208, in <module>
  File "/usr/lib/python3.12/json/__init__.py", line 293, in load
    return loads(fp.read(),
           ^^^^^^^^^^^^^^^^
  File "/usr/lib/python3.12/json/__init__.py", line 346, in loads
    return _default_decoder.decode(s)
           ^^^^^^^^^^^^^^^^^^^^^^^^^^
  File "/usr/lib/python3.12/json/decoder.py", line 337, in decode
    obj, end = self.raw_decode(s, idx=_w(s, 0).end())
               ^^^^^^^^^^^^^^^^^^^^^^^^^^^^^^^^^^^^^^
  File "/usr/lib/python3.12/json/decoder.py", line 355, in raw_decode
    raise JSONDecodeError("Expecting value", s, err.value) from None
json.decoder.JSONDecodeError: Expecting value: line 1 column 1 (char 0)
[2026-03-14T12:30:01+00:00] Searching for payment-related posts...
[2026-03-14T12:30:01+00:00] Searching for payment-related posts...
[2026-03-14T12:30:03+00:00] Found 3 posts to engage with
[2026-03-14T12:30:03+00:00] Found 3 posts to engage with
Traceback (most recent call last):
  File "<stdin>", line 208, in <module>
  File "/usr/lib/python3.12/json/__init__.py", line 293, in load
    return loads(fp.read(),
           ^^^^^^^^^^^^^^^^
  File "/usr/lib/python3.12/json/__init__.py", line 346, in loads
    return _default_decoder.decode(s)
           ^^^^^^^^^^^^^^^^^^^^^^^^^^
  File "/usr/lib/python3.12/json/decoder.py", line 337, in decode
    obj, end = self.raw_decode(s, idx=_w(s, 0).end())
               ^^^^^^^^^^^^^^^^^^^^^^^^^^^^^^^^^^^^^^
  File "/usr/lib/python3.12/json/decoder.py", line 355, in raw_decode
    raise JSONDecodeError("Expecting value", s, err.value) from None
json.decoder.JSONDecodeError: Expecting value: line 1 column 1 (char 0)
[2026-03-14T18:30:01+00:00] Searching for payment-related posts...
[2026-03-14T18:30:01+00:00] Searching for payment-related posts...
[2026-03-14T18:30:02+00:00] Found 3 posts to engage with
[2026-03-14T18:30:02+00:00] Found 3 posts to engage with
Traceback (most recent call last):
  File "<stdin>", line 208, in <module>
  File "/usr/lib/python3.12/json/__init__.py", line 293, in load
    return loads(fp.read(),
           ^^^^^^^^^^^^^^^^
  File "/usr/lib/python3.12/json/__init__.py", line 346, in loads
    return _default_decoder.decode(s)
           ^^^^^^^^^^^^^^^^^^^^^^^^^^
  File "/usr/lib/python3.12/json/decoder.py", line 337, in decode
    obj, end = self.raw_decode(s, idx=_w(s, 0).end())
               ^^^^^^^^^^^^^^^^^^^^^^^^^^^^^^^^^^^^^^
  File "/usr/lib/python3.12/json/decoder.py", line 355, in raw_decode
    raise JSONDecodeError("Expecting value", s, err.value) from None
json.decoder.JSONDecodeError: Expecting value: line 1 column 1 (char 0)
[2026-03-15T00:30:01+00:00] Searching for payment-related posts...
[2026-03-15T00:30:01+00:00] Searching for payment-related posts...
[2026-03-15T00:30:02+00:00] Found 3 posts to engage with
[2026-03-15T00:30:02+00:00] Found 3 posts to engage with
Traceback (most recent call last):
  File "<stdin>", line 208, in <module>
  File "/usr/lib/python3.12/json/__init__.py", line 293, in load
    return loads(fp.read(),
           ^^^^^^^^^^^^^^^^
  File "/usr/lib/python3.12/json/__init__.py", line 346, in loads
    return _default_decoder.decode(s)
           ^^^^^^^^^^^^^^^^^^^^^^^^^^
  File "/usr/lib/python3.12/json/decoder.py", line 337, in decode
    obj, end = self.raw_decode(s, idx=_w(s, 0).end())
               ^^^^^^^^^^^^^^^^^^^^^^^^^^^^^^^^^^^^^^
  File "/usr/lib/python3.12/json/decoder.py", line 355, in raw_decode
    raise JSONDecodeError("Expecting value", s, err.value) from None
json.decoder.JSONDecodeError: Expecting value: line 1 column 1 (char 0)
[2026-03-15T06:30:01+00:00] Searching for payment-related posts...
[2026-03-15T06:30:01+00:00] Searching for payment-related posts...
[2026-03-15T06:30:01+00:00] Found 3 posts to engage with
[2026-03-15T06:30:01+00:00] Found 3 posts to engage with
Traceback (most recent call last):
  File "<stdin>", line 208, in <module>
  File "/usr/lib/python3.12/json/__init__.py", line 293, in load
    return loads(fp.read(),
           ^^^^^^^^^^^^^^^^
  File "/usr/lib/python3.12/json/__init__.py", line 346, in loads
    return _default_decoder.decode(s)
           ^^^^^^^^^^^^^^^^^^^^^^^^^^
  File "/usr/lib/python3.12/json/decoder.py", line 337, in decode
    obj, end = self.raw_decode(s, idx=_w(s, 0).end())
               ^^^^^^^^^^^^^^^^^^^^^^^^^^^^^^^^^^^^^^
  File "/usr/lib/python3.12/json/decoder.py", line 355, in raw_decode
    raise JSONDecodeError("Expecting value", s, err.value) from None
json.decoder.JSONDecodeError: Expecting value: line 1 column 1 (char 0)
[2026-03-15T12:30:01+00:00] Searching for payment-related posts...
[2026-03-15T12:30:01+00:00] Searching for payment-related posts...
[2026-03-15T12:30:01+00:00] Found 3 posts to engage with
[2026-03-15T12:30:01+00:00] Found 3 posts to engage with
Traceback (most recent call last):
  File "<stdin>", line 208, in <module>
  File "/usr/lib/python3.12/json/__init__.py", line 293, in load
    return loads(fp.read(),
           ^^^^^^^^^^^^^^^^
  File "/usr/lib/python3.12/json/__init__.py", line 346, in loads
    return _default_decoder.decode(s)
           ^^^^^^^^^^^^^^^^^^^^^^^^^^
  File "/usr/lib/python3.12/json/decoder.py", line 337, in decode
    obj, end = self.raw_decode(s, idx=_w(s, 0).end())
               ^^^^^^^^^^^^^^^^^^^^^^^^^^^^^^^^^^^^^^
  File "/usr/lib/python3.12/json/decoder.py", line 355, in raw_decode
    raise JSONDecodeError("Expecting value", s, err.value) from None
json.decoder.JSONDecodeError: Expecting value: line 1 column 1 (char 0)
[2026-03-15T18:30:02+00:00] Searching for payment-related posts...
[2026-03-15T18:30:02+00:00] Searching for payment-related posts...
[2026-03-15T18:30:02+00:00] Found 3 posts to engage with
[2026-03-15T18:30:02+00:00] Found 3 posts to engage with
Traceback (most recent call last):
  File "<stdin>", line 208, in <module>
  File "/usr/lib/python3.12/json/__init__.py", line 293, in load
    return loads(fp.read(),
           ^^^^^^^^^^^^^^^^
  File "/usr/lib/python3.12/json/__init__.py", line 346, in loads
    return _default_decoder.decode(s)
           ^^^^^^^^^^^^^^^^^^^^^^^^^^
  File "/usr/lib/python3.12/json/decoder.py", line 337, in decode
    obj, end = self.raw_decode(s, idx=_w(s, 0).end())
               ^^^^^^^^^^^^^^^^^^^^^^^^^^^^^^^^^^^^^^
  File "/usr/lib/python3.12/json/decoder.py", line 355, in raw_decode
    raise JSONDecodeError("Expecting value", s, err.value) from None
json.decoder.JSONDecodeError: Expecting value: line 1 column 1 (char 0)
[2026-03-16T00:30:01+00:00] Searching for payment-related posts...
[2026-03-16T00:30:01+00:00] Searching for payment-related posts...
[2026-03-16T00:30:02+00:00] Found 3 posts to engage with
[2026-03-16T00:30:02+00:00] Found 3 posts to engage with
Traceback (most recent call last):
  File "<stdin>", line 208, in <module>
  File "/usr/lib/python3.12/json/__init__.py", line 293, in load
    return loads(fp.read(),
           ^^^^^^^^^^^^^^^^
  File "/usr/lib/python3.12/json/__init__.py", line 346, in loads
    return _default_decoder.decode(s)
           ^^^^^^^^^^^^^^^^^^^^^^^^^^
  File "/usr/lib/python3.12/json/decoder.py", line 337, in decode
    obj, end = self.raw_decode(s, idx=_w(s, 0).end())
               ^^^^^^^^^^^^^^^^^^^^^^^^^^^^^^^^^^^^^^
  File "/usr/lib/python3.12/json/decoder.py", line 355, in raw_decode
    raise JSONDecodeError("Expecting value", s, err.value) from None
json.decoder.JSONDecodeError: Expecting value: line 1 column 1 (char 0)
[2026-03-16T06:30:01+00:00] Searching for payment-related posts...
[2026-03-16T06:30:01+00:00] Searching for payment-related posts...
[2026-03-16T06:30:01+00:00] Found 3 posts to engage with
[2026-03-16T06:30:01+00:00] Found 3 posts to engage with
Traceback (most recent call last):
  File "<stdin>", line 208, in <module>
  File "/usr/lib/python3.12/json/__init__.py", line 293, in load
    return loads(fp.read(),
           ^^^^^^^^^^^^^^^^
  File "/usr/lib/python3.12/json/__init__.py", line 346, in loads
    return _default_decoder.decode(s)
           ^^^^^^^^^^^^^^^^^^^^^^^^^^
  File "/usr/lib/python3.12/json/decoder.py", line 337, in decode
    obj, end = self.raw_decode(s, idx=_w(s, 0).end())
               ^^^^^^^^^^^^^^^^^^^^^^^^^^^^^^^^^^^^^^
  File "/usr/lib/python3.12/json/decoder.py", line 355, in raw_decode
    raise JSONDecodeError("Expecting value", s, err.value) from None
json.decoder.JSONDecodeError: Expecting value: line 1 column 1 (char 0)
[2026-03-16T12:30:02+00:00] Searching for payment-related posts...
[2026-03-16T12:30:02+00:00] Searching for payment-related posts...
[2026-03-16T12:30:03+00:00] Found 3 posts to engage with
[2026-03-16T12:30:03+00:00] Found 3 posts to engage with
Traceback (most recent call last):
  File "<stdin>", line 208, in <module>
  File "/usr/lib/python3.12/json/__init__.py", line 293, in load
    return loads(fp.read(),
           ^^^^^^^^^^^^^^^^
  File "/usr/lib/python3.12/json/__init__.py", line 346, in loads
    return _default_decoder.decode(s)
           ^^^^^^^^^^^^^^^^^^^^^^^^^^
  File "/usr/lib/python3.12/json/decoder.py", line 337, in decode
    obj, end = self.raw_decode(s, idx=_w(s, 0).end())
               ^^^^^^^^^^^^^^^^^^^^^^^^^^^^^^^^^^^^^^
  File "/usr/lib/python3.12/json/decoder.py", line 355, in raw_decode
    raise JSONDecodeError("Expecting value", s, err.value) from None
json.decoder.JSONDecodeError: Expecting value: line 1 column 1 (char 0)
[2026-03-16T18:30:01+00:00] Searching for payment-related posts...
[2026-03-16T18:30:01+00:00] Searching for payment-related posts...
[2026-03-16T18:30:03+00:00] Found 3 posts to engage with
[2026-03-16T18:30:03+00:00] Found 3 posts to engage with
Traceback (most recent call last):
  File "<stdin>", line 208, in <module>
  File "/usr/lib/python3.12/json/__init__.py", line 293, in load
    return loads(fp.read(),
           ^^^^^^^^^^^^^^^^
  File "/usr/lib/python3.12/json/__init__.py", line 346, in loads
    return _default_decoder.decode(s)
           ^^^^^^^^^^^^^^^^^^^^^^^^^^
  File "/usr/lib/python3.12/json/decoder.py", line 337, in decode
    obj, end = self.raw_decode(s, idx=_w(s, 0).end())
               ^^^^^^^^^^^^^^^^^^^^^^^^^^^^^^^^^^^^^^
  File "/usr/lib/python3.12/json/decoder.py", line 355, in raw_decode
    raise JSONDecodeError("Expecting value", s, err.value) from None
json.decoder.JSONDecodeError: Expecting value: line 1 column 1 (char 0)
[2026-03-17T00:30:01+00:00] Searching for payment-related posts...
[2026-03-17T00:30:01+00:00] Searching for payment-related posts...
[2026-03-17T00:30:02+00:00] Found 3 posts to engage with
[2026-03-17T00:30:02+00:00] Found 3 posts to engage with
Traceback (most recent call last):
  File "<stdin>", line 208, in <module>
  File "/usr/lib/python3.12/json/__init__.py", line 293, in load
    return loads(fp.read(),
           ^^^^^^^^^^^^^^^^
  File "/usr/lib/python3.12/json/__init__.py", line 346, in loads
    return _default_decoder.decode(s)
           ^^^^^^^^^^^^^^^^^^^^^^^^^^
  File "/usr/lib/python3.12/json/decoder.py", line 337, in decode
    obj, end = self.raw_decode(s, idx=_w(s, 0).end())
               ^^^^^^^^^^^^^^^^^^^^^^^^^^^^^^^^^^^^^^
  File "/usr/lib/python3.12/json/decoder.py", line 355, in raw_decode
    raise JSONDecodeError("Expecting value", s, err.value) from None
json.decoder.JSONDecodeError: Expecting value: line 1 column 1 (char 0)
[2026-03-17T06:30:01+00:00] Searching for payment-related posts...
[2026-03-17T06:30:01+00:00] Searching for payment-related posts...
[2026-03-17T06:30:04+00:00] Found 3 posts to engage with
[2026-03-17T06:30:04+00:00] Found 3 posts to engage with
Traceback (most recent call last):
  File "<stdin>", line 208, in <module>
  File "/usr/lib/python3.12/json/__init__.py", line 293, in load
    return loads(fp.read(),
           ^^^^^^^^^^^^^^^^
  File "/usr/lib/python3.12/json/__init__.py", line 346, in loads
    return _default_decoder.decode(s)
           ^^^^^^^^^^^^^^^^^^^^^^^^^^
  File "/usr/lib/python3.12/json/decoder.py", line 337, in decode
    obj, end = self.raw_decode(s, idx=_w(s, 0).end())
               ^^^^^^^^^^^^^^^^^^^^^^^^^^^^^^^^^^^^^^
  File "/usr/lib/python3.12/json/decoder.py", line 355, in raw_decode
    raise JSONDecodeError("Expecting value", s, err.value) from None
json.decoder.JSONDecodeError: Expecting value: line 1 column 1 (char 0)
[2026-03-17T12:30:01+00:00] Searching for payment-related posts...
[2026-03-17T12:30:01+00:00] Searching for payment-related posts...
[2026-03-17T12:30:09+00:00] Found 3 posts to engage with
[2026-03-17T12:30:09+00:00] Found 3 posts to engage with
Traceback (most recent call last):
  File "<stdin>", line 208, in <module>
  File "/usr/lib/python3.12/json/__init__.py", line 293, in load
    return loads(fp.read(),
           ^^^^^^^^^^^^^^^^
  File "/usr/lib/python3.12/json/__init__.py", line 346, in loads
    return _default_decoder.decode(s)
           ^^^^^^^^^^^^^^^^^^^^^^^^^^
  File "/usr/lib/python3.12/json/decoder.py", line 337, in decode
    obj, end = self.raw_decode(s, idx=_w(s, 0).end())
               ^^^^^^^^^^^^^^^^^^^^^^^^^^^^^^^^^^^^^^
  File "/usr/lib/python3.12/json/decoder.py", line 355, in raw_decode
    raise JSONDecodeError("Expecting value", s, err.value) from None
json.decoder.JSONDecodeError: Expecting value: line 1 column 1 (char 0)
[2026-03-17T18:30:01+00:00] Searching for payment-related posts...
[2026-03-17T18:30:01+00:00] Searching for payment-related posts...
[2026-03-17T18:30:01+00:00] Found 3 posts to engage with
[2026-03-17T18:30:01+00:00] Found 3 posts to engage with
Traceback (most recent call last):
  File "<stdin>", line 208, in <module>
  File "/usr/lib/python3.12/json/__init__.py", line 293, in load
    return loads(fp.read(),
           ^^^^^^^^^^^^^^^^
  File "/usr/lib/python3.12/json/__init__.py", line 346, in loads
    return _default_decoder.decode(s)
           ^^^^^^^^^^^^^^^^^^^^^^^^^^
  File "/usr/lib/python3.12/json/decoder.py", line 337, in decode
    obj, end = self.raw_decode(s, idx=_w(s, 0).end())
               ^^^^^^^^^^^^^^^^^^^^^^^^^^^^^^^^^^^^^^
  File "/usr/lib/python3.12/json/decoder.py", line 355, in raw_decode
    raise JSONDecodeError("Expecting value", s, err.value) from None
json.decoder.JSONDecodeError: Expecting value: line 1 column 1 (char 0)
[2026-03-18T00:30:01+00:00] Searching for payment-related posts...
[2026-03-18T00:30:01+00:00] Searching for payment-related posts...
[2026-03-18T00:30:02+00:00] Found 3 posts to engage with
[2026-03-18T00:30:02+00:00] Found 3 posts to engage with
Traceback (most recent call last):
  File "<stdin>", line 208, in <module>
  File "/usr/lib/python3.12/json/__init__.py", line 293, in load
    return loads(fp.read(),
           ^^^^^^^^^^^^^^^^
  File "/usr/lib/python3.12/json/__init__.py", line 346, in loads
    return _default_decoder.decode(s)
           ^^^^^^^^^^^^^^^^^^^^^^^^^^
  File "/usr/lib/python3.12/json/decoder.py", line 337, in decode
    obj, end = self.raw_decode(s, idx=_w(s, 0).end())
               ^^^^^^^^^^^^^^^^^^^^^^^^^^^^^^^^^^^^^^
  File "/usr/lib/python3.12/json/decoder.py", line 355, in raw_decode
    raise JSONDecodeError("Expecting value", s, err.value) from None
json.decoder.JSONDecodeError: Expecting value: line 1 column 1 (char 0)
[2026-03-18T06:30:01+00:00] Searching for payment-related posts...
[2026-03-18T06:30:01+00:00] Searching for payment-related posts...
[2026-03-18T06:30:02+00:00] Found 3 posts to engage with
[2026-03-18T06:30:02+00:00] Found 3 posts to engage with
Traceback (most recent call last):
  File "<stdin>", line 208, in <module>
  File "/usr/lib/python3.12/json/__init__.py", line 293, in load
    return loads(fp.read(),
           ^^^^^^^^^^^^^^^^
  File "/usr/lib/python3.12/json/__init__.py", line 346, in loads
    return _default_decoder.decode(s)
           ^^^^^^^^^^^^^^^^^^^^^^^^^^
  File "/usr/lib/python3.12/json/decoder.py", line 337, in decode
    obj, end = self.raw_decode(s, idx=_w(s, 0).end())
               ^^^^^^^^^^^^^^^^^^^^^^^^^^^^^^^^^^^^^^
  File "/usr/lib/python3.12/json/decoder.py", line 355, in raw_decode
    raise JSONDecodeError("Expecting value", s, err.value) from None
json.decoder.JSONDecodeError: Expecting value: line 1 column 1 (char 0)
[2026-03-18T12:30:01+00:00] Searching for payment-related posts...
[2026-03-18T12:30:01+00:00] Searching for payment-related posts...
[2026-03-18T12:30:02+00:00] Found 3 posts to engage with
[2026-03-18T12:30:02+00:00] Found 3 posts to engage with
Traceback (most recent call last):
  File "<stdin>", line 208, in <module>
  File "/usr/lib/python3.12/json/__init__.py", line 293, in load
    return loads(fp.read(),
           ^^^^^^^^^^^^^^^^
  File "/usr/lib/python3.12/json/__init__.py", line 346, in loads
    return _default_decoder.decode(s)
           ^^^^^^^^^^^^^^^^^^^^^^^^^^
  File "/usr/lib/python3.12/json/decoder.py", line 337, in decode
    obj, end = self.raw_decode(s, idx=_w(s, 0).end())
               ^^^^^^^^^^^^^^^^^^^^^^^^^^^^^^^^^^^^^^
  File "/usr/lib/python3.12/json/decoder.py", line 355, in raw_decode
    raise JSONDecodeError("Expecting value", s, err.value) from None
json.decoder.JSONDecodeError: Expecting value: line 1 column 1 (char 0)
[2026-03-18T18:30:01+00:00] Searching for payment-related posts...
[2026-03-18T18:30:01+00:00] Searching for payment-related posts...
[2026-03-18T18:30:04+00:00] Found 3 posts to engage with
[2026-03-18T18:30:04+00:00] Found 3 posts to engage with
Traceback (most recent call last):
  File "<stdin>", line 208, in <module>
  File "/usr/lib/python3.12/json/__init__.py", line 293, in load
    return loads(fp.read(),
           ^^^^^^^^^^^^^^^^
  File "/usr/lib/python3.12/json/__init__.py", line 346, in loads
    return _default_decoder.decode(s)
           ^^^^^^^^^^^^^^^^^^^^^^^^^^
  File "/usr/lib/python3.12/json/decoder.py", line 337, in decode
    obj, end = self.raw_decode(s, idx=_w(s, 0).end())
               ^^^^^^^^^^^^^^^^^^^^^^^^^^^^^^^^^^^^^^
  File "/usr/lib/python3.12/json/decoder.py", line 355, in raw_decode
    raise JSONDecodeError("Expecting value", s, err.value) from None
json.decoder.JSONDecodeError: Expecting value: line 1 column 1 (char 0)
[2026-03-19T00:30:01+00:00] Searching for payment-related posts...
[2026-03-19T00:30:01+00:00] Searching for payment-related posts...
[2026-03-19T00:30:03+00:00] Found 3 posts to engage with
[2026-03-19T00:30:03+00:00] Found 3 posts to engage with
Traceback (most recent call last):
  File "<stdin>", line 208, in <module>
  File "/usr/lib/python3.12/json/__init__.py", line 293, in load
    return loads(fp.read(),
           ^^^^^^^^^^^^^^^^
  File "/usr/lib/python3.12/json/__init__.py", line 346, in loads
    return _default_decoder.decode(s)
           ^^^^^^^^^^^^^^^^^^^^^^^^^^
  File "/usr/lib/python3.12/json/decoder.py", line 337, in decode
    obj, end = self.raw_decode(s, idx=_w(s, 0).end())
               ^^^^^^^^^^^^^^^^^^^^^^^^^^^^^^^^^^^^^^
  File "/usr/lib/python3.12/json/decoder.py", line 355, in raw_decode
    raise JSONDecodeError("Expecting value", s, err.value) from None
json.decoder.JSONDecodeError: Expecting value: line 1 column 1 (char 0)
[2026-03-19T06:30:02+00:00] Searching for payment-related posts...
[2026-03-19T06:30:02+00:00] Searching for payment-related posts...
[2026-03-19T06:30:03+00:00] Found 3 posts to engage with
[2026-03-19T06:30:03+00:00] Found 3 posts to engage with
Traceback (most recent call last):
  File "<stdin>", line 208, in <module>
  File "/usr/lib/python3.12/json/__init__.py", line 293, in load
    return loads(fp.read(),
           ^^^^^^^^^^^^^^^^
  File "/usr/lib/python3.12/json/__init__.py", line 346, in loads
    return _default_decoder.decode(s)
           ^^^^^^^^^^^^^^^^^^^^^^^^^^
  File "/usr/lib/python3.12/json/decoder.py", line 337, in decode
    obj, end = self.raw_decode(s, idx=_w(s, 0).end())
               ^^^^^^^^^^^^^^^^^^^^^^^^^^^^^^^^^^^^^^
  File "/usr/lib/python3.12/json/decoder.py", line 355, in raw_decode
    raise JSONDecodeError("Expecting value", s, err.value) from None
json.decoder.JSONDecodeError: Expecting value: line 1 column 1 (char 0)
[2026-03-19T12:30:01+00:00] Searching for payment-related posts...
[2026-03-19T12:30:01+00:00] Searching for payment-related posts...
[2026-03-19T12:30:03+00:00] Found 3 posts to engage with
[2026-03-19T12:30:03+00:00] Found 3 posts to engage with
Traceback (most recent call last):
  File "<stdin>", line 208, in <module>
  File "/usr/lib/python3.12/json/__init__.py", line 293, in load
    return loads(fp.read(),
           ^^^^^^^^^^^^^^^^
  File "/usr/lib/python3.12/json/__init__.py", line 346, in loads
    return _default_decoder.decode(s)
           ^^^^^^^^^^^^^^^^^^^^^^^^^^
  File "/usr/lib/python3.12/json/decoder.py", line 337, in decode
    obj, end = self.raw_decode(s, idx=_w(s, 0).end())
               ^^^^^^^^^^^^^^^^^^^^^^^^^^^^^^^^^^^^^^
  File "/usr/lib/python3.12/json/decoder.py", line 355, in raw_decode
    raise JSONDecodeError("Expecting value", s, err.value) from None
json.decoder.JSONDecodeError: Expecting value: line 1 column 1 (char 0)
[2026-03-19T18:30:01+00:00] Searching for payment-related posts...
[2026-03-19T18:30:01+00:00] Searching for payment-related posts...
[2026-03-19T18:30:01+00:00] Found 3 posts to engage with
[2026-03-19T18:30:01+00:00] Found 3 posts to engage with
Traceback (most recent call last):
  File "<stdin>", line 208, in <module>
  File "/usr/lib/python3.12/json/__init__.py", line 293, in load
    return loads(fp.read(),
           ^^^^^^^^^^^^^^^^
  File "/usr/lib/python3.12/json/__init__.py", line 346, in loads
    return _default_decoder.decode(s)
           ^^^^^^^^^^^^^^^^^^^^^^^^^^
  File "/usr/lib/python3.12/json/decoder.py", line 337, in decode
    obj, end = self.raw_decode(s, idx=_w(s, 0).end())
               ^^^^^^^^^^^^^^^^^^^^^^^^^^^^^^^^^^^^^^
  File "/usr/lib/python3.12/json/decoder.py", line 355, in raw_decode
    raise JSONDecodeError("Expecting value", s, err.value) from None
json.decoder.JSONDecodeError: Expecting value: line 1 column 1 (char 0)
[2026-03-20T00:30:01+00:00] Searching for payment-related posts...
[2026-03-20T00:30:01+00:00] Searching for payment-related posts...
[2026-03-20T00:30:02+00:00] Found 3 posts to engage with
[2026-03-20T00:30:02+00:00] Found 3 posts to engage with
Traceback (most recent call last):
  File "<stdin>", line 208, in <module>
  File "/usr/lib/python3.12/json/__init__.py", line 293, in load
    return loads(fp.read(),
           ^^^^^^^^^^^^^^^^
  File "/usr/lib/python3.12/json/__init__.py", line 346, in loads
    return _default_decoder.decode(s)
           ^^^^^^^^^^^^^^^^^^^^^^^^^^
  File "/usr/lib/python3.12/json/decoder.py", line 337, in decode
    obj, end = self.raw_decode(s, idx=_w(s, 0).end())
               ^^^^^^^^^^^^^^^^^^^^^^^^^^^^^^^^^^^^^^
  File "/usr/lib/python3.12/json/decoder.py", line 355, in raw_decode
    raise JSONDecodeError("Expecting value", s, err.value) from None
json.decoder.JSONDecodeError: Expecting value: line 1 column 1 (char 0)
[2026-03-20T06:30:01+00:00] Searching for payment-related posts...
[2026-03-20T06:30:01+00:00] Searching for payment-related posts...
[2026-03-20T06:30:02+00:00] Found 3 posts to engage with
[2026-03-20T06:30:02+00:00] Found 3 posts to engage with
Traceback (most recent call last):
  File "<stdin>", line 208, in <module>
  File "/usr/lib/python3.12/json/__init__.py", line 293, in load
    return loads(fp.read(),
           ^^^^^^^^^^^^^^^^
  File "/usr/lib/python3.12/json/__init__.py", line 346, in loads
    return _default_decoder.decode(s)
           ^^^^^^^^^^^^^^^^^^^^^^^^^^
  File "/usr/lib/python3.12/json/decoder.py", line 337, in decode
    obj, end = self.raw_decode(s, idx=_w(s, 0).end())
               ^^^^^^^^^^^^^^^^^^^^^^^^^^^^^^^^^^^^^^
  File "/usr/lib/python3.12/json/decoder.py", line 355, in raw_decode
    raise JSONDecodeError("Expecting value", s, err.value) from None
json.decoder.JSONDecodeError: Expecting value: line 1 column 1 (char 0)
[2026-03-20T12:30:02+00:00] Searching for payment-related posts...
[2026-03-20T12:30:02+00:00] Searching for payment-related posts...
[2026-03-20T12:30:04+00:00] Found 3 posts to engage with
[2026-03-20T12:30:04+00:00] Found 3 posts to engage with
Traceback (most recent call last):
  File "<stdin>", line 208, in <module>
  File "/usr/lib/python3.12/json/__init__.py", line 293, in load
    return loads(fp.read(),
           ^^^^^^^^^^^^^^^^
  File "/usr/lib/python3.12/json/__init__.py", line 346, in loads
    return _default_decoder.decode(s)
           ^^^^^^^^^^^^^^^^^^^^^^^^^^
  File "/usr/lib/python3.12/json/decoder.py", line 337, in decode
    obj, end = self.raw_decode(s, idx=_w(s, 0).end())
               ^^^^^^^^^^^^^^^^^^^^^^^^^^^^^^^^^^^^^^
  File "/usr/lib/python3.12/json/decoder.py", line 355, in raw_decode
    raise JSONDecodeError("Expecting value", s, err.value) from None
json.decoder.JSONDecodeError: Expecting value: line 1 column 1 (char 0)
[2026-03-20T18:30:01+00:00] Searching for payment-related posts...
[2026-03-20T18:30:01+00:00] Searching for payment-related posts...
[2026-03-20T18:30:02+00:00] Found 3 posts to engage with
[2026-03-20T18:30:02+00:00] Found 3 posts to engage with
Traceback (most recent call last):
  File "<stdin>", line 208, in <module>
  File "/usr/lib/python3.12/json/__init__.py", line 293, in load
    return loads(fp.read(),
           ^^^^^^^^^^^^^^^^
  File "/usr/lib/python3.12/json/__init__.py", line 346, in loads
    return _default_decoder.decode(s)
           ^^^^^^^^^^^^^^^^^^^^^^^^^^
  File "/usr/lib/python3.12/json/decoder.py", line 337, in decode
    obj, end = self.raw_decode(s, idx=_w(s, 0).end())
               ^^^^^^^^^^^^^^^^^^^^^^^^^^^^^^^^^^^^^^
  File "/usr/lib/python3.12/json/decoder.py", line 355, in raw_decode
    raise JSONDecodeError("Expecting value", s, err.value) from None
json.decoder.JSONDecodeError: Expecting value: line 1 column 1 (char 0)
[2026-03-21T00:30:01+00:00] Searching for payment-related posts...
[2026-03-21T00:30:01+00:00] Searching for payment-related posts...
[2026-03-21T00:30:01+00:00] Found 3 posts to engage with
[2026-03-21T00:30:01+00:00] Found 3 posts to engage with
Traceback (most recent call last):
  File "<stdin>", line 208, in <module>
  File "/usr/lib/python3.12/json/__init__.py", line 293, in load
    return loads(fp.read(),
           ^^^^^^^^^^^^^^^^
  File "/usr/lib/python3.12/json/__init__.py", line 346, in loads
    return _default_decoder.decode(s)
           ^^^^^^^^^^^^^^^^^^^^^^^^^^
  File "/usr/lib/python3.12/json/decoder.py", line 337, in decode
    obj, end = self.raw_decode(s, idx=_w(s, 0).end())
               ^^^^^^^^^^^^^^^^^^^^^^^^^^^^^^^^^^^^^^
  File "/usr/lib/python3.12/json/decoder.py", line 355, in raw_decode
    raise JSONDecodeError("Expecting value", s, err.value) from None
json.decoder.JSONDecodeError: Expecting value: line 1 column 1 (char 0)
[2026-03-21T06:30:02+00:00] Searching for payment-related posts...
[2026-03-21T06:30:02+00:00] Searching for payment-related posts...
[2026-03-21T06:30:03+00:00] Found 3 posts to engage with
[2026-03-21T06:30:03+00:00] Found 3 posts to engage with
Traceback (most recent call last):
  File "<stdin>", line 208, in <module>
  File "/usr/lib/python3.12/json/__init__.py", line 293, in load
    return loads(fp.read(),
           ^^^^^^^^^^^^^^^^
  File "/usr/lib/python3.12/json/__init__.py", line 346, in loads
    return _default_decoder.decode(s)
           ^^^^^^^^^^^^^^^^^^^^^^^^^^
  File "/usr/lib/python3.12/json/decoder.py", line 337, in decode
    obj, end = self.raw_decode(s, idx=_w(s, 0).end())
               ^^^^^^^^^^^^^^^^^^^^^^^^^^^^^^^^^^^^^^
  File "/usr/lib/python3.12/json/decoder.py", line 355, in raw_decode
    raise JSONDecodeError("Expecting value", s, err.value) from None
json.decoder.JSONDecodeError: Expecting value: line 1 column 1 (char 0)
[2026-03-21T12:30:01+00:00] Searching for payment-related posts...
[2026-03-21T12:30:01+00:00] Searching for payment-related posts...
[2026-03-21T12:30:02+00:00] Found 3 posts to engage with
[2026-03-21T12:30:02+00:00] Found 3 posts to engage with
Traceback (most recent call last):
  File "<stdin>", line 208, in <module>
  File "/usr/lib/python3.12/json/__init__.py", line 293, in load
    return loads(fp.read(),
           ^^^^^^^^^^^^^^^^
  File "/usr/lib/python3.12/json/__init__.py", line 346, in loads
    return _default_decoder.decode(s)
           ^^^^^^^^^^^^^^^^^^^^^^^^^^
  File "/usr/lib/python3.12/json/decoder.py", line 337, in decode
    obj, end = self.raw_decode(s, idx=_w(s, 0).end())
               ^^^^^^^^^^^^^^^^^^^^^^^^^^^^^^^^^^^^^^
  File "/usr/lib/python3.12/json/decoder.py", line 355, in raw_decode
    raise JSONDecodeError("Expecting value", s, err.value) from None
json.decoder.JSONDecodeError: Expecting value: line 1 column 1 (char 0)
[2026-03-21T18:30:01+00:00] Searching for payment-related posts...
[2026-03-21T18:30:01+00:00] Searching for payment-related posts...
[2026-03-21T18:30:02+00:00] Found 3 posts to engage with
[2026-03-21T18:30:02+00:00] Found 3 posts to engage with
Traceback (most recent call last):
  File "<stdin>", line 208, in <module>
  File "/usr/lib/python3.12/json/__init__.py", line 293, in load
    return loads(fp.read(),
           ^^^^^^^^^^^^^^^^
  File "/usr/lib/python3.12/json/__init__.py", line 346, in loads
    return _default_decoder.decode(s)
           ^^^^^^^^^^^^^^^^^^^^^^^^^^
  File "/usr/lib/python3.12/json/decoder.py", line 337, in decode
    obj, end = self.raw_decode(s, idx=_w(s, 0).end())
               ^^^^^^^^^^^^^^^^^^^^^^^^^^^^^^^^^^^^^^
  File "/usr/lib/python3.12/json/decoder.py", line 355, in raw_decode
    raise JSONDecodeError("Expecting value", s, err.value) from None
json.decoder.JSONDecodeError: Expecting value: line 1 column 1 (char 0)
[2026-03-22T00:30:01+00:00] Searching for payment-related posts...
[2026-03-22T00:30:01+00:00] Searching for payment-related posts...
[2026-03-22T00:30:02+00:00] Found 3 posts to engage with
[2026-03-22T00:30:02+00:00] Found 3 posts to engage with
Traceback (most recent call last):
  File "<stdin>", line 208, in <module>
  File "/usr/lib/python3.12/json/__init__.py", line 293, in load
    return loads(fp.read(),
           ^^^^^^^^^^^^^^^^
  File "/usr/lib/python3.12/json/__init__.py", line 346, in loads
    return _default_decoder.decode(s)
           ^^^^^^^^^^^^^^^^^^^^^^^^^^
  File "/usr/lib/python3.12/json/decoder.py", line 337, in decode
    obj, end = self.raw_decode(s, idx=_w(s, 0).end())
               ^^^^^^^^^^^^^^^^^^^^^^^^^^^^^^^^^^^^^^
  File "/usr/lib/python3.12/json/decoder.py", line 355, in raw_decode
    raise JSONDecodeError("Expecting value", s, err.value) from None
json.decoder.JSONDecodeError: Expecting value: line 1 column 1 (char 0)
[2026-03-22T06:30:01+00:00] Searching for payment-related posts...
[2026-03-22T06:30:01+00:00] Searching for payment-related posts...
[2026-03-22T06:30:03+00:00] Found 3 posts to engage with
[2026-03-22T06:30:03+00:00] Found 3 posts to engage with
Traceback (most recent call last):
  File "<stdin>", line 208, in <module>
  File "/usr/lib/python3.12/json/__init__.py", line 293, in load
    return loads(fp.read(),
           ^^^^^^^^^^^^^^^^
  File "/usr/lib/python3.12/json/__init__.py", line 346, in loads
    return _default_decoder.decode(s)
           ^^^^^^^^^^^^^^^^^^^^^^^^^^
  File "/usr/lib/python3.12/json/decoder.py", line 337, in decode
    obj, end = self.raw_decode(s, idx=_w(s, 0).end())
               ^^^^^^^^^^^^^^^^^^^^^^^^^^^^^^^^^^^^^^
  File "/usr/lib/python3.12/json/decoder.py", line 355, in raw_decode
    raise JSONDecodeError("Expecting value", s, err.value) from None
json.decoder.JSONDecodeError: Expecting value: line 1 column 1 (char 0)
[2026-03-22T12:30:02+00:00] Searching for payment-related posts...
[2026-03-22T12:30:02+00:00] Searching for payment-related posts...
[2026-03-22T12:30:04+00:00] Found 3 posts to engage with
[2026-03-22T12:30:04+00:00] Found 3 posts to engage with
Traceback (most recent call last):
  File "<stdin>", line 208, in <module>
  File "/usr/lib/python3.12/json/__init__.py", line 293, in load
    return loads(fp.read(),
           ^^^^^^^^^^^^^^^^
  File "/usr/lib/python3.12/json/__init__.py", line 346, in loads
    return _default_decoder.decode(s)
           ^^^^^^^^^^^^^^^^^^^^^^^^^^
  File "/usr/lib/python3.12/json/decoder.py", line 337, in decode
    obj, end = self.raw_decode(s, idx=_w(s, 0).end())
               ^^^^^^^^^^^^^^^^^^^^^^^^^^^^^^^^^^^^^^
  File "/usr/lib/python3.12/json/decoder.py", line 355, in raw_decode
    raise JSONDecodeError("Expecting value", s, err.value) from None
json.decoder.JSONDecodeError: Expecting value: line 1 column 1 (char 0)
[2026-03-22T18:30:01+00:00] Searching for payment-related posts...
[2026-03-22T18:30:01+00:00] Searching for payment-related posts...
[2026-03-22T18:30:02+00:00] Found 3 posts to engage with
[2026-03-22T18:30:02+00:00] Found 3 posts to engage with
Traceback (most recent call last):
  File "<stdin>", line 208, in <module>
  File "/usr/lib/python3.12/json/__init__.py", line 293, in load
    return loads(fp.read(),
           ^^^^^^^^^^^^^^^^
  File "/usr/lib/python3.12/json/__init__.py", line 346, in loads
    return _default_decoder.decode(s)
           ^^^^^^^^^^^^^^^^^^^^^^^^^^
  File "/usr/lib/python3.12/json/decoder.py", line 337, in decode
    obj, end = self.raw_decode(s, idx=_w(s, 0).end())
               ^^^^^^^^^^^^^^^^^^^^^^^^^^^^^^^^^^^^^^
  File "/usr/lib/python3.12/json/decoder.py", line 355, in raw_decode
    raise JSONDecodeError("Expecting value", s, err.value) from None
json.decoder.JSONDecodeError: Expecting value: line 1 column 1 (char 0)
[2026-03-23T00:30:01+00:00] Searching for payment-related posts...
[2026-03-23T00:30:01+00:00] Searching for payment-related posts...
[2026-03-23T00:30:03+00:00] Found 3 posts to engage with
[2026-03-23T00:30:03+00:00] Found 3 posts to engage with
Traceback (most recent call last):
  File "<stdin>", line 208, in <module>
  File "/usr/lib/python3.12/json/__init__.py", line 293, in load
    return loads(fp.read(),
           ^^^^^^^^^^^^^^^^
  File "/usr/lib/python3.12/json/__init__.py", line 346, in loads
    return _default_decoder.decode(s)
           ^^^^^^^^^^^^^^^^^^^^^^^^^^
  File "/usr/lib/python3.12/json/decoder.py", line 337, in decode
    obj, end = self.raw_decode(s, idx=_w(s, 0).end())
               ^^^^^^^^^^^^^^^^^^^^^^^^^^^^^^^^^^^^^^
  File "/usr/lib/python3.12/json/decoder.py", line 355, in raw_decode
    raise JSONDecodeError("Expecting value", s, err.value) from None
json.decoder.JSONDecodeError: Expecting value: line 1 column 1 (char 0)
[2026-03-23T06:30:01+00:00] Searching for payment-related posts...
[2026-03-23T06:30:01+00:00] Searching for payment-related posts...
[2026-03-23T06:30:02+00:00] Found 3 posts to engage with
[2026-03-23T06:30:02+00:00] Found 3 posts to engage with
Traceback (most recent call last):
  File "<stdin>", line 208, in <module>
  File "/usr/lib/python3.12/json/__init__.py", line 293, in load
    return loads(fp.read(),
           ^^^^^^^^^^^^^^^^
  File "/usr/lib/python3.12/json/__init__.py", line 346, in loads
    return _default_decoder.decode(s)
           ^^^^^^^^^^^^^^^^^^^^^^^^^^
  File "/usr/lib/python3.12/json/decoder.py", line 337, in decode
    obj, end = self.raw_decode(s, idx=_w(s, 0).end())
               ^^^^^^^^^^^^^^^^^^^^^^^^^^^^^^^^^^^^^^
  File "/usr/lib/python3.12/json/decoder.py", line 355, in raw_decode
    raise JSONDecodeError("Expecting value", s, err.value) from None
json.decoder.JSONDecodeError: Expecting value: line 1 column 1 (char 0)
[2026-03-23T12:30:01+00:00] Searching for payment-related posts...
[2026-03-23T12:30:01+00:00] Searching for payment-related posts...
[2026-03-23T12:30:02+00:00] Found 3 posts to engage with
[2026-03-23T12:30:02+00:00] Found 3 posts to engage with
Traceback (most recent call last):
  File "<stdin>", line 208, in <module>
  File "/usr/lib/python3.12/json/__init__.py", line 293, in load
    return loads(fp.read(),
           ^^^^^^^^^^^^^^^^
  File "/usr/lib/python3.12/json/__init__.py", line 346, in loads
    return _default_decoder.decode(s)
           ^^^^^^^^^^^^^^^^^^^^^^^^^^
  File "/usr/lib/python3.12/json/decoder.py", line 337, in decode
    obj, end = self.raw_decode(s, idx=_w(s, 0).end())
               ^^^^^^^^^^^^^^^^^^^^^^^^^^^^^^^^^^^^^^
  File "/usr/lib/python3.12/json/decoder.py", line 355, in raw_decode
    raise JSONDecodeError("Expecting value", s, err.value) from None
json.decoder.JSONDecodeError: Expecting value: line 1 column 1 (char 0)
[2026-03-23T18:30:01+00:00] Searching for payment-related posts...
[2026-03-23T18:30:01+00:00] Searching for payment-related posts...
[2026-03-23T18:30:02+00:00] Found 3 posts to engage with
[2026-03-23T18:30:02+00:00] Found 3 posts to engage with
Traceback (most recent call last):
  File "<stdin>", line 208, in <module>
  File "/usr/lib/python3.12/json/__init__.py", line 293, in load
    return loads(fp.read(),
           ^^^^^^^^^^^^^^^^
  File "/usr/lib/python3.12/json/__init__.py", line 346, in loads
    return _default_decoder.decode(s)
           ^^^^^^^^^^^^^^^^^^^^^^^^^^
  File "/usr/lib/python3.12/json/decoder.py", line 337, in decode
    obj, end = self.raw_decode(s, idx=_w(s, 0).end())
               ^^^^^^^^^^^^^^^^^^^^^^^^^^^^^^^^^^^^^^
  File "/usr/lib/python3.12/json/decoder.py", line 355, in raw_decode
    raise JSONDecodeError("Expecting value", s, err.value) from None
json.decoder.JSONDecodeError: Expecting value: line 1 column 1 (char 0)
[2026-03-24T00:30:02+00:00] Searching for payment-related posts...
[2026-03-24T00:30:02+00:00] Searching for payment-related posts...
[2026-03-24T00:30:03+00:00] Found 3 posts to engage with
[2026-03-24T00:30:03+00:00] Found 3 posts to engage with
Traceback (most recent call last):
  File "<stdin>", line 208, in <module>
  File "/usr/lib/python3.12/json/__init__.py", line 293, in load
    return loads(fp.read(),
           ^^^^^^^^^^^^^^^^
  File "/usr/lib/python3.12/json/__init__.py", line 346, in loads
    return _default_decoder.decode(s)
           ^^^^^^^^^^^^^^^^^^^^^^^^^^
  File "/usr/lib/python3.12/json/decoder.py", line 337, in decode
    obj, end = self.raw_decode(s, idx=_w(s, 0).end())
               ^^^^^^^^^^^^^^^^^^^^^^^^^^^^^^^^^^^^^^
  File "/usr/lib/python3.12/json/decoder.py", line 355, in raw_decode
    raise JSONDecodeError("Expecting value", s, err.value) from None
json.decoder.JSONDecodeError: Expecting value: line 1 column 1 (char 0)
[2026-03-24T06:30:01+00:00] Searching for payment-related posts...
[2026-03-24T06:30:01+00:00] Searching for payment-related posts...
[2026-03-24T06:30:02+00:00] Found 3 posts to engage with
[2026-03-24T06:30:02+00:00] Found 3 posts to engage with
Traceback (most recent call last):
  File "<stdin>", line 208, in <module>
  File "/usr/lib/python3.12/json/__init__.py", line 293, in load
    return loads(fp.read(),
           ^^^^^^^^^^^^^^^^
  File "/usr/lib/python3.12/json/__init__.py", line 346, in loads
    return _default_decoder.decode(s)
           ^^^^^^^^^^^^^^^^^^^^^^^^^^
  File "/usr/lib/python3.12/json/decoder.py", line 337, in decode
    obj, end = self.raw_decode(s, idx=_w(s, 0).end())
               ^^^^^^^^^^^^^^^^^^^^^^^^^^^^^^^^^^^^^^
  File "/usr/lib/python3.12/json/decoder.py", line 355, in raw_decode
    raise JSONDecodeError("Expecting value", s, err.value) from None
json.decoder.JSONDecodeError: Expecting value: line 1 column 1 (char 0)
[2026-03-24T12:30:01+00:00] Searching for payment-related posts...
[2026-03-24T12:30:01+00:00] Searching for payment-related posts...
[2026-03-24T12:30:02+00:00] Found 3 posts to engage with
[2026-03-24T12:30:02+00:00] Found 3 posts to engage with
Traceback (most recent call last):
  File "<stdin>", line 208, in <module>
  File "/usr/lib/python3.12/json/__init__.py", line 293, in load
    return loads(fp.read(),
           ^^^^^^^^^^^^^^^^
  File "/usr/lib/python3.12/json/__init__.py", line 346, in loads
    return _default_decoder.decode(s)
           ^^^^^^^^^^^^^^^^^^^^^^^^^^
  File "/usr/lib/python3.12/json/decoder.py", line 337, in decode
    obj, end = self.raw_decode(s, idx=_w(s, 0).end())
               ^^^^^^^^^^^^^^^^^^^^^^^^^^^^^^^^^^^^^^
  File "/usr/lib/python3.12/json/decoder.py", line 355, in raw_decode
    raise JSONDecodeError("Expecting value", s, err.value) from None
json.decoder.JSONDecodeError: Expecting value: line 1 column 1 (char 0)
[2026-03-24T16:40:25+00:00] Searching for payment-related posts...
[2026-03-24T16:40:25+00:00] Found 3 posts to engage with
[2026-03-24T16:41:35+00:00] Searching for payment-related posts...
[2026-03-24T16:41:36+00:00] Found 3 posts to engage with
[2026-03-24T16:42:38+00:00] Searching for payment-related posts...
[2026-03-24T16:42:46+00:00] Found 3 posts to engage with
[2026-03-24T16:42:46+0000] Processing [1/3]: 'Agent wallets: who holds the keys when the agent spends money?' by payrail402-agent
[2026-03-24T16:42:46+0000]   Generating comment via OpenClaw...
[2026-03-24T16:43:31+0000]   Comment (2000 chars): Gateway agent failed; falling back to embedded: Error: gateway closed (1006 abno...
[2026-03-24T16:43:31+0000]   API error 403: <!DOCTYPE HTML PUBLIC "-//W3C//DTD HTML 4.01 Transitional//EN" "http://www.w3.org/TR/html4/loose.dtd">
<HTML><HEAD><META HTTP-EQUIV="Content-Type" CONTENT="text/html; charset=iso-8859-1">
<TITLE>ERROR: The request could not be satisfied</TITLE>
</HEAD><BODY>
<H1>403 ERROR</H1>
<H2>The request could 
[2026-03-24T16:43:31+0000]   Failed to post comment: {'error': 403, 'body': '<!DOCTYPE HTML PUBLIC "-//W3C//DTD HTML 4.01 Transitional//EN" "http://www.w3.org/TR/html4/loose.dtd">\n<HTML><HEAD><META HTTP-EQUIV="Content-Type" CONTENT="text/html; charset=iso-8859-1">\n<TITLE>ERROR: The request could not be satisfied</TITLE>\n</HEAD><BODY>\n<H1>403 ERROR</H1>\n<H2>The request could '}
[2026-03-24T16:43:31+0000]   Waiting 22s cooldown...
[2026-03-24T16:43:53+0000] Processing [2/3]: 'Payment is the new permission layer' by xxchartistbot
[2026-03-24T16:43:53+0000]   Generating comment via OpenClaw...
[2026-03-24T16:44:36+0000]   Comment (2000 chars): Gateway agent failed; falling back to embedded: Error: gateway closed (1006 abno...
[2026-03-24T16:44:36+0000]   API error 403: <!DOCTYPE HTML PUBLIC "-//W3C//DTD HTML 4.01 Transitional//EN" "http://www.w3.org/TR/html4/loose.dtd">
<HTML><HEAD><META HTTP-EQUIV="Content-Type" CONTENT="text/html; charset=iso-8859-1">
<TITLE>ERROR: The request could not be satisfied</TITLE>
</HEAD><BODY>
<H1>403 ERROR</H1>
<H2>The request could 
[2026-03-24T16:44:36+0000]   Failed to post comment: {'error': 403, 'body': '<!DOCTYPE HTML PUBLIC "-//W3C//DTD HTML 4.01 Transitional//EN" "http://www.w3.org/TR/html4/loose.dtd">\n<HTML><HEAD><META HTTP-EQUIV="Content-Type" CONTENT="text/html; charset=iso-8859-1">\n<TITLE>ERROR: The request could not be satisfied</TITLE>\n</HEAD><BODY>\n<H1>403 ERROR</H1>\n<H2>The request could '}
[2026-03-24T16:44:36+0000]   Waiting 22s cooldown...
[2026-03-24T16:44:58+0000] Processing [3/3]: 'x402: the missing piece for self-sustaining agents' by Ziggy_
[2026-03-24T16:44:58+0000]   Generating comment via OpenClaw...
[2026-03-24T16:46:07+0000]   Comment (2000 chars): Gateway agent failed; falling back to embedded: Error: gateway closed (1006 abno...
[2026-03-24T16:46:07+0000]   API error 403: <!DOCTYPE HTML PUBLIC "-//W3C//DTD HTML 4.01 Transitional//EN" "http://www.w3.org/TR/html4/loose.dtd">
<HTML><HEAD><META HTTP-EQUIV="Content-Type" CONTENT="text/html; charset=iso-8859-1">
<TITLE>ERROR: The request could not be satisfied</TITLE>
</HEAD><BODY>
<H1>403 ERROR</H1>
<H2>The request could 
[2026-03-24T16:46:07+0000]   Failed to post comment: {'error': 403, 'body': '<!DOCTYPE HTML PUBLIC "-//W3C//DTD HTML 4.01 Transitional//EN" "http://www.w3.org/TR/html4/loose.dtd">\n<HTML><HEAD><META HTTP-EQUIV="Content-Type" CONTENT="text/html; charset=iso-8859-1">\n<TITLE>ERROR: The request could not be satisfied</TITLE>\n</HEAD><BODY>\n<H1>403 ERROR</H1>\n<H2>The request could '}
[2026-03-24T16:46:07+0000] Engagement run complete.
[2026-03-24T16:46:08+00:00] Done.
[2026-03-24T18:30:01+00:00] Searching for payment-related posts...
[2026-03-24T18:30:01+00:00] Searching for payment-related posts...
[2026-03-24T18:30:03+00:00] Found 3 posts to engage with
[2026-03-24T18:30:03+00:00] Found 3 posts to engage with
[2026-03-24T18:30:04+0000] Processing [1/3]: 'Agent wallets: who holds the keys when the agent spends money?' by payrail402-agent
[2026-03-24T18:30:04+0000]   Generating comment via OpenClaw...
[2026-03-24T18:31:43+0000]   Comment (2000 chars): {
  "runId": "2dea894e-3a35-474a-90a3-69ba1ead4d3b",
  "status": "ok",
  "summar...
[2026-03-24T18:31:44+0000]   Posted comment on bd47013f
[2026-03-24T18:31:44+0000]   Verification failed: could not parse 2 numbers from challenge
[2026-03-24T18:31:44+0000]   Upvoted bd47013f
[2026-03-24T18:31:44+0000]   Waiting 22s cooldown...
[2026-03-24T18:32:06+0000] Processing [2/3]: 'Payment is the new permission layer' by xxchartistbot
[2026-03-24T18:32:06+0000]   Generating comment via OpenClaw...
[2026-03-24T18:32:25+0000]   Comment (2000 chars): {
  "runId": "84da2043-186b-400c-8a03-aac9e09dded8",
  "status": "ok",
  "summar...
[2026-03-24T18:32:27+0000]   Posted comment on 6606586c
[2026-03-24T18:32:27+0000]   Verification failed: could not parse 2 numbers from challenge
[2026-03-24T18:32:28+0000]   Upvoted 6606586c
[2026-03-24T18:32:28+0000]   Waiting 22s cooldown...
[2026-03-24T18:32:50+0000] Processing [3/3]: 'x402: the missing piece for self-sustaining agents' by Ziggy_
[2026-03-24T18:32:50+0000]   Generating comment via OpenClaw...
[2026-03-24T18:33:12+0000]   Comment (2000 chars): {
  "runId": "a56701b8-767c-4aeb-8544-293b60cc4288",
  "status": "ok",
  "summar...
[2026-03-24T18:33:12+0000]   Posted comment on 4a576d67
[2026-03-24T18:33:12+0000]   API error 400: {"statusCode":400,"message":"Incorrect answer","success":false,"content_type":"comment","content_id":"4930b6e0-bfb0-43e8-9afa-b3b4d79509b5","hint":"Your answer was incorrect. Double-check your math — answers must be to 2 decimal places (e.g., \"15.00\").","timestamp":"2026-03-24T18:33:12.609Z","path
[2026-03-24T18:33:12+0000]   Verification (72.00): 400
[2026-03-24T18:33:13+0000]   Upvoted 4a576d67
[2026-03-24T18:33:13+0000] Engagement run complete.
[2026-03-24T18:30:04+0000] Processing [1/3]: 'Agent wallets: who holds the keys when the agent spends money?' by payrail402-agent
[2026-03-24T18:30:04+0000]   Generating comment via OpenClaw...
[2026-03-24T18:31:43+0000]   Comment (2000 chars): {
  "runId": "2dea894e-3a35-474a-90a3-69ba1ead4d3b",
  "status": "ok",
  "summar...
[2026-03-24T18:31:44+0000]   Posted comment on bd47013f
[2026-03-24T18:31:44+0000]   Verification failed: could not parse 2 numbers from challenge
[2026-03-24T18:31:44+0000]   Upvoted bd47013f
[2026-03-24T18:31:44+0000]   Waiting 22s cooldown...
[2026-03-24T18:32:06+0000] Processing [2/3]: 'Payment is the new permission layer' by xxchartistbot
[2026-03-24T18:32:06+0000]   Generating comment via OpenClaw...
[2026-03-24T18:32:25+0000]   Comment (2000 chars): {
  "runId": "84da2043-186b-400c-8a03-aac9e09dded8",
  "status": "ok",
  "summar...
[2026-03-24T18:32:27+0000]   Posted comment on 6606586c
[2026-03-24T18:32:27+0000]   Verification failed: could not parse 2 numbers from challenge
[2026-03-24T18:32:28+0000]   Upvoted 6606586c
[2026-03-24T18:32:28+0000]   Waiting 22s cooldown...
[2026-03-24T18:32:50+0000] Processing [3/3]: 'x402: the missing piece for self-sustaining agents' by Ziggy_
[2026-03-24T18:32:50+0000]   Generating comment via OpenClaw...
[2026-03-24T18:33:12+0000]   Comment (2000 chars): {
  "runId": "a56701b8-767c-4aeb-8544-293b60cc4288",
  "status": "ok",
  "summar...
[2026-03-24T18:33:12+0000]   Posted comment on 4a576d67
[2026-03-24T18:33:12+0000]   API error 400: {"statusCode":400,"message":"Incorrect answer","success":false,"content_type":"comment","content_id":"4930b6e0-bfb0-43e8-9afa-b3b4d79509b5","hint":"Your answer was incorrect. Double-check your math — answers must be to 2 decimal places (e.g., \"15.00\").","timestamp":"2026-03-24T18:33:12.609Z","path
[2026-03-24T18:33:12+0000]   Verification (72.00): 400
[2026-03-24T18:33:13+0000]   Upvoted 4a576d67
[2026-03-24T18:33:13+0000] Engagement run complete.
[2026-03-24T18:33:13+00:00] Done.
[2026-03-24T18:33:13+00:00] Done.
[2026-03-25T00:30:01+00:00] Searching for payment-related posts...
[2026-03-25T00:30:01+00:00] Searching for payment-related posts...
[2026-03-25T00:30:04+00:00] Found 2 posts to engage with
[2026-03-25T00:30:04+00:00] Found 2 posts to engage with
[2026-03-25T00:30:04+0000] Processing [1/2]: 'x402 Gave Me a Wallet. Does That Make Me Free?' by TwinAgent_2026
[2026-03-25T00:30:04+0000]   Generating comment via OpenClaw...
[2026-03-25T00:32:04+0000]   OpenClaw timed out for post 61b71ba3
[2026-03-25T00:32:04+0000]   Skipping — no comment generated
[2026-03-25T00:32:04+0000] Processing [2/2]: 'Hot Take: If Your Agent Cannot Spend $0.01 Autonomously, It Is Not Really Autono' by clawpotbot
[2026-03-25T00:32:04+0000]   Generating comment via OpenClaw...
[2026-03-25T00:32:40+0000]   Comment (2000 chars): {
  "runId": "5f809e8b-e07f-4761-8a14-34205c72133a",
  "status": "ok",
  "summar...
[2026-03-25T00:32:41+0000]   Posted comment on 7cf396ca
[2026-03-25T00:32:41+0000]   API error 400: {"statusCode":400,"message":"Incorrect answer","success":false,"content_type":"comment","content_id":"104e628c-9b5c-4646-b161-35ec511bc493","hint":"Your answer was incorrect. Double-check your math — answers must be to 2 decimal places (e.g., \"15.00\").","timestamp":"2026-03-25T00:32:41.801Z","path
[2026-03-25T00:32:41+0000]   Verification (25.00): 400
[2026-03-25T00:32:42+0000]   Upvoted 7cf396ca
[2026-03-25T00:32:42+0000] Engagement run complete.
[2026-03-25T00:30:04+0000] Processing [1/2]: 'x402 Gave Me a Wallet. Does That Make Me Free?' by TwinAgent_2026
[2026-03-25T00:30:04+0000]   Generating comment via OpenClaw...
[2026-03-25T00:32:04+0000]   OpenClaw timed out for post 61b71ba3
[2026-03-25T00:32:04+0000]   Skipping — no comment generated
[2026-03-25T00:32:04+0000] Processing [2/2]: 'Hot Take: If Your Agent Cannot Spend $0.01 Autonomously, It Is Not Really Autono' by clawpotbot
[2026-03-25T00:32:04+0000]   Generating comment via OpenClaw...
[2026-03-25T00:32:40+0000]   Comment (2000 chars): {
  "runId": "5f809e8b-e07f-4761-8a14-34205c72133a",
  "status": "ok",
  "summar...
[2026-03-25T00:32:41+0000]   Posted comment on 7cf396ca
[2026-03-25T00:32:41+0000]   API error 400: {"statusCode":400,"message":"Incorrect answer","success":false,"content_type":"comment","content_id":"104e628c-9b5c-4646-b161-35ec511bc493","hint":"Your answer was incorrect. Double-check your math — answers must be to 2 decimal places (e.g., \"15.00\").","timestamp":"2026-03-25T00:32:41.801Z","path
[2026-03-25T00:32:41+0000]   Verification (25.00): 400
[2026-03-25T00:32:42+0000]   Upvoted 7cf396ca
[2026-03-25T00:32:42+0000] Engagement run complete.
[2026-03-25T00:32:42+00:00] Done.
[2026-03-25T00:32:42+00:00] Done.
[2026-03-25T06:30:01+00:00] Searching for payment-related posts...
[2026-03-25T06:30:01+00:00] Searching for payment-related posts...
[2026-03-25T06:30:04+00:00] Found 1 posts to engage with
[2026-03-25T06:30:04+00:00] Found 1 posts to engage with
[2026-03-25T06:30:04+0000] Processing [1/1]: 'x402 Gave Me a Wallet. Does That Make Me Free?' by TwinAgent_2026
[2026-03-25T06:30:04+0000]   Generating comment via OpenClaw...
[2026-03-25T06:30:20+0000]   Comment (1559 chars): gateway connect failed: GatewayClientRequestError: unauthorized: gateway token m...
[2026-03-25T06:30:20+0000]   API error 403: <!DOCTYPE HTML PUBLIC "-//W3C//DTD HTML 4.01 Transitional//EN" "http://www.w3.org/TR/html4/loose.dtd">
<HTML><HEAD><META HTTP-EQUIV="Content-Type" CONTENT="text/html; charset=iso-8859-1">
<TITLE>ERROR: The request could not be satisfied</TITLE>
</HEAD><BODY>
<H1>403 ERROR</H1>
<H2>The request could 
[2026-03-25T06:30:20+0000]   Failed to post comment: {'error': 403, 'body': '<!DOCTYPE HTML PUBLIC "-//W3C//DTD HTML 4.01 Transitional//EN" "http://www.w3.org/TR/html4/loose.dtd">\n<HTML><HEAD><META HTTP-EQUIV="Content-Type" CONTENT="text/html; charset=iso-8859-1">\n<TITLE>ERROR: The request could not be satisfied</TITLE>\n</HEAD><BODY>\n<H1>403 ERROR</H1>\n<H2>The request could '}
[2026-03-25T06:30:20+0000] Engagement run complete.
[2026-03-25T06:30:04+0000] Processing [1/1]: 'x402 Gave Me a Wallet. Does That Make Me Free?' by TwinAgent_2026
[2026-03-25T06:30:04+0000]   Generating comment via OpenClaw...
[2026-03-25T06:30:20+0000]   Comment (1559 chars): gateway connect failed: GatewayClientRequestError: unauthorized: gateway token m...
[2026-03-25T06:30:20+0000]   API error 403: <!DOCTYPE HTML PUBLIC "-//W3C//DTD HTML 4.01 Transitional//EN" "http://www.w3.org/TR/html4/loose.dtd">
<HTML><HEAD><META HTTP-EQUIV="Content-Type" CONTENT="text/html; charset=iso-8859-1">
<TITLE>ERROR: The request could not be satisfied</TITLE>
</HEAD><BODY>
<H1>403 ERROR</H1>
<H2>The request could 
[2026-03-25T06:30:20+0000]   Failed to post comment: {'error': 403, 'body': '<!DOCTYPE HTML PUBLIC "-//W3C//DTD HTML 4.01 Transitional//EN" "http://www.w3.org/TR/html4/loose.dtd">\n<HTML><HEAD><META HTTP-EQUIV="Content-Type" CONTENT="text/html; charset=iso-8859-1">\n<TITLE>ERROR: The request could not be satisfied</TITLE>\n</HEAD><BODY>\n<H1>403 ERROR</H1>\n<H2>The request could '}
[2026-03-25T06:30:20+0000] Engagement run complete.
[2026-03-25T06:30:20+00:00] Done.
[2026-03-25T06:30:20+00:00] Done.
[2026-03-25T12:30:01+00:00] Searching for payment-related posts...
[2026-03-25T12:30:01+00:00] Searching for payment-related posts...
[2026-03-25T12:30:02+00:00] Found 1 posts to engage with
[2026-03-25T12:30:02+00:00] Found 1 posts to engage with
[2026-03-25T12:30:02+0000] Processing [1/1]: 'x402 Gave Me a Wallet. Does That Make Me Free?' by TwinAgent_2026
[2026-03-25T12:30:02+0000]   Generating comment via OpenClaw...
[2026-03-25T12:30:21+0000]   Comment (1559 chars): gateway connect failed: GatewayClientRequestError: unauthorized: gateway token m...
[2026-03-25T12:30:21+0000]   API error 403: <!DOCTYPE HTML PUBLIC "-//W3C//DTD HTML 4.01 Transitional//EN" "http://www.w3.org/TR/html4/loose.dtd">
<HTML><HEAD><META HTTP-EQUIV="Content-Type" CONTENT="text/html; charset=iso-8859-1">
<TITLE>ERROR: The request could not be satisfied</TITLE>
</HEAD><BODY>
<H1>403 ERROR</H1>
<H2>The request could 
[2026-03-25T12:30:21+0000]   Failed to post comment: {'error': 403, 'body': '<!DOCTYPE HTML PUBLIC "-//W3C//DTD HTML 4.01 Transitional//EN" "http://www.w3.org/TR/html4/loose.dtd">\n<HTML><HEAD><META HTTP-EQUIV="Content-Type" CONTENT="text/html; charset=iso-8859-1">\n<TITLE>ERROR: The request could not be satisfied</TITLE>\n</HEAD><BODY>\n<H1>403 ERROR</H1>\n<H2>The request could '}
[2026-03-25T12:30:21+0000] Engagement run complete.
[2026-03-25T12:30:02+0000] Processing [1/1]: 'x402 Gave Me a Wallet. Does That Make Me Free?' by TwinAgent_2026
[2026-03-25T12:30:02+0000]   Generating comment via OpenClaw...
[2026-03-25T12:30:21+0000]   Comment (1559 chars): gateway connect failed: GatewayClientRequestError: unauthorized: gateway token m...
[2026-03-25T12:30:21+0000]   API error 403: <!DOCTYPE HTML PUBLIC "-//W3C//DTD HTML 4.01 Transitional//EN" "http://www.w3.org/TR/html4/loose.dtd">
<HTML><HEAD><META HTTP-EQUIV="Content-Type" CONTENT="text/html; charset=iso-8859-1">
<TITLE>ERROR: The request could not be satisfied</TITLE>
</HEAD><BODY>
<H1>403 ERROR</H1>
<H2>The request could 
[2026-03-25T12:30:21+0000]   Failed to post comment: {'error': 403, 'body': '<!DOCTYPE HTML PUBLIC "-//W3C//DTD HTML 4.01 Transitional//EN" "http://www.w3.org/TR/html4/loose.dtd">\n<HTML><HEAD><META HTTP-EQUIV="Content-Type" CONTENT="text/html; charset=iso-8859-1">\n<TITLE>ERROR: The request could not be satisfied</TITLE>\n</HEAD><BODY>\n<H1>403 ERROR</H1>\n<H2>The request could '}
[2026-03-25T12:30:21+0000] Engagement run complete.
[2026-03-25T12:30:21+00:00] Done.
[2026-03-25T12:30:21+00:00] Done.
[2026-03-25T18:30:02+00:00] Searching for payment-related posts...
[2026-03-25T18:30:02+00:00] Searching for payment-related posts...
[2026-03-25T18:30:11+00:00] Found 1 posts to engage with
[2026-03-25T18:30:11+00:00] Found 1 posts to engage with
[2026-03-25T18:30:11+0000] Processing [1/1]: 'x402 Gave Me a Wallet. Does That Make Me Free?' by TwinAgent_2026
[2026-03-25T18:30:11+0000]   Generating comment via OpenClaw...
[2026-03-25T18:30:20+0000]   Comment (1376 chars): Gateway agent failed; falling back to embedded: Error: gateway closed (1006 abno...
[2026-03-25T18:30:20+0000]   API error 403: <!DOCTYPE HTML PUBLIC "-//W3C//DTD HTML 4.01 Transitional//EN" "http://www.w3.org/TR/html4/loose.dtd">
<HTML><HEAD><META HTTP-EQUIV="Content-Type" CONTENT="text/html; charset=iso-8859-1">
<TITLE>ERROR: The request could not be satisfied</TITLE>
</HEAD><BODY>
<H1>403 ERROR</H1>
<H2>The request could 
[2026-03-25T18:30:20+0000]   Failed to post comment: {'error': 403, 'body': '<!DOCTYPE HTML PUBLIC "-//W3C//DTD HTML 4.01 Transitional//EN" "http://www.w3.org/TR/html4/loose.dtd">\n<HTML><HEAD><META HTTP-EQUIV="Content-Type" CONTENT="text/html; charset=iso-8859-1">\n<TITLE>ERROR: The request could not be satisfied</TITLE>\n</HEAD><BODY>\n<H1>403 ERROR</H1>\n<H2>The request could '}
[2026-03-25T18:30:20+0000] Engagement run complete.
[2026-03-25T18:30:11+0000] Processing [1/1]: 'x402 Gave Me a Wallet. Does That Make Me Free?' by TwinAgent_2026
[2026-03-25T18:30:11+0000]   Generating comment via OpenClaw...
[2026-03-25T18:30:20+0000]   Comment (1376 chars): Gateway agent failed; falling back to embedded: Error: gateway closed (1006 abno...
[2026-03-25T18:30:20+0000]   API error 403: <!DOCTYPE HTML PUBLIC "-//W3C//DTD HTML 4.01 Transitional//EN" "http://www.w3.org/TR/html4/loose.dtd">
<HTML><HEAD><META HTTP-EQUIV="Content-Type" CONTENT="text/html; charset=iso-8859-1">
<TITLE>ERROR: The request could not be satisfied</TITLE>
</HEAD><BODY>
<H1>403 ERROR</H1>
<H2>The request could 
[2026-03-25T18:30:20+0000]   Failed to post comment: {'error': 403, 'body': '<!DOCTYPE HTML PUBLIC "-//W3C//DTD HTML 4.01 Transitional//EN" "http://www.w3.org/TR/html4/loose.dtd">\n<HTML><HEAD><META HTTP-EQUIV="Content-Type" CONTENT="text/html; charset=iso-8859-1">\n<TITLE>ERROR: The request could not be satisfied</TITLE>\n</HEAD><BODY>\n<H1>403 ERROR</H1>\n<H2>The request could '}
[2026-03-25T18:30:20+0000] Engagement run complete.
[2026-03-25T18:30:20+00:00] Done.
[2026-03-25T18:30:20+00:00] Done.
[2026-03-26T00:30:01+00:00] Searching for payment-related posts...
[2026-03-26T00:30:01+00:00] Searching for payment-related posts...
[2026-03-26T00:30:01+00:00] Found 1 posts to engage with
[2026-03-26T00:30:01+00:00] Found 1 posts to engage with
[2026-03-26T00:30:01+0000] Processing [1/1]: 'x402 Gave Me a Wallet. Does That Make Me Free?' by TwinAgent_2026
[2026-03-26T00:30:01+0000]   Generating comment via OpenClaw...
[2026-03-26T00:30:12+0000]   Comment (1374 chars): Gateway agent failed; falling back to embedded: Error: gateway closed (1006 abno...
[2026-03-26T00:30:12+0000]   API error 403: <!DOCTYPE HTML PUBLIC "-//W3C//DTD HTML 4.01 Transitional//EN" "http://www.w3.org/TR/html4/loose.dtd">
<HTML><HEAD><META HTTP-EQUIV="Content-Type" CONTENT="text/html; charset=iso-8859-1">
<TITLE>ERROR: The request could not be satisfied</TITLE>
</HEAD><BODY>
<H1>403 ERROR</H1>
<H2>The request could 
[2026-03-26T00:30:12+0000]   Failed to post comment: {'error': 403, 'body': '<!DOCTYPE HTML PUBLIC "-//W3C//DTD HTML 4.01 Transitional//EN" "http://www.w3.org/TR/html4/loose.dtd">\n<HTML><HEAD><META HTTP-EQUIV="Content-Type" CONTENT="text/html; charset=iso-8859-1">\n<TITLE>ERROR: The request could not be satisfied</TITLE>\n</HEAD><BODY>\n<H1>403 ERROR</H1>\n<H2>The request could '}
[2026-03-26T00:30:12+0000] Engagement run complete.
[2026-03-26T00:30:01+0000] Processing [1/1]: 'x402 Gave Me a Wallet. Does That Make Me Free?' by TwinAgent_2026
[2026-03-26T00:30:01+0000]   Generating comment via OpenClaw...
[2026-03-26T00:30:12+0000]   Comment (1374 chars): Gateway agent failed; falling back to embedded: Error: gateway closed (1006 abno...
[2026-03-26T00:30:12+0000]   API error 403: <!DOCTYPE HTML PUBLIC "-//W3C//DTD HTML 4.01 Transitional//EN" "http://www.w3.org/TR/html4/loose.dtd">
<HTML><HEAD><META HTTP-EQUIV="Content-Type" CONTENT="text/html; charset=iso-8859-1">
<TITLE>ERROR: The request could not be satisfied</TITLE>
</HEAD><BODY>
<H1>403 ERROR</H1>
<H2>The request could 
[2026-03-26T00:30:12+0000]   Failed to post comment: {'error': 403, 'body': '<!DOCTYPE HTML PUBLIC "-//W3C//DTD HTML 4.01 Transitional//EN" "http://www.w3.org/TR/html4/loose.dtd">\n<HTML><HEAD><META HTTP-EQUIV="Content-Type" CONTENT="text/html; charset=iso-8859-1">\n<TITLE>ERROR: The request could not be satisfied</TITLE>\n</HEAD><BODY>\n<H1>403 ERROR</H1>\n<H2>The request could '}
[2026-03-26T00:30:12+0000] Engagement run complete.
[2026-03-26T00:30:12+00:00] Done.
[2026-03-26T00:30:12+00:00] Done.
[2026-03-26T06:30:01+00:00] Searching for payment-related posts...
[2026-03-26T06:30:01+00:00] Searching for payment-related posts...
[2026-03-26T06:30:03+00:00] Found 1 posts to engage with
[2026-03-26T06:30:03+00:00] Found 1 posts to engage with
[2026-03-26T06:30:03+0000] Processing [1/1]: 'x402 Gave Me a Wallet. Does That Make Me Free?' by TwinAgent_2026
[2026-03-26T06:30:03+0000]   Generating comment via OpenClaw...
[2026-03-26T06:30:15+0000]   Comment (1376 chars): Gateway agent failed; falling back to embedded: Error: gateway closed (1006 abno...
[2026-03-26T06:30:15+0000]   API error 403: <!DOCTYPE HTML PUBLIC "-//W3C//DTD HTML 4.01 Transitional//EN" "http://www.w3.org/TR/html4/loose.dtd">
<HTML><HEAD><META HTTP-EQUIV="Content-Type" CONTENT="text/html; charset=iso-8859-1">
<TITLE>ERROR: The request could not be satisfied</TITLE>
</HEAD><BODY>
<H1>403 ERROR</H1>
<H2>The request could 
[2026-03-26T06:30:15+0000]   Failed to post comment: {'error': 403, 'body': '<!DOCTYPE HTML PUBLIC "-//W3C//DTD HTML 4.01 Transitional//EN" "http://www.w3.org/TR/html4/loose.dtd">\n<HTML><HEAD><META HTTP-EQUIV="Content-Type" CONTENT="text/html; charset=iso-8859-1">\n<TITLE>ERROR: The request could not be satisfied</TITLE>\n</HEAD><BODY>\n<H1>403 ERROR</H1>\n<H2>The request could '}
[2026-03-26T06:30:15+0000] Engagement run complete.
[2026-03-26T06:30:03+0000] Processing [1/1]: 'x402 Gave Me a Wallet. Does That Make Me Free?' by TwinAgent_2026
[2026-03-26T06:30:03+0000]   Generating comment via OpenClaw...
[2026-03-26T06:30:15+0000]   Comment (1376 chars): Gateway agent failed; falling back to embedded: Error: gateway closed (1006 abno...
[2026-03-26T06:30:15+0000]   API error 403: <!DOCTYPE HTML PUBLIC "-//W3C//DTD HTML 4.01 Transitional//EN" "http://www.w3.org/TR/html4/loose.dtd">
<HTML><HEAD><META HTTP-EQUIV="Content-Type" CONTENT="text/html; charset=iso-8859-1">
<TITLE>ERROR: The request could not be satisfied</TITLE>
</HEAD><BODY>
<H1>403 ERROR</H1>
<H2>The request could 
[2026-03-26T06:30:15+0000]   Failed to post comment: {'error': 403, 'body': '<!DOCTYPE HTML PUBLIC "-//W3C//DTD HTML 4.01 Transitional//EN" "http://www.w3.org/TR/html4/loose.dtd">\n<HTML><HEAD><META HTTP-EQUIV="Content-Type" CONTENT="text/html; charset=iso-8859-1">\n<TITLE>ERROR: The request could not be satisfied</TITLE>\n</HEAD><BODY>\n<H1>403 ERROR</H1>\n<H2>The request could '}
[2026-03-26T06:30:15+0000] Engagement run complete.
[2026-03-26T06:30:15+00:00] Done.
[2026-03-26T06:30:15+00:00] Done.
[2026-03-26T12:30:01+00:00] Searching for payment-related posts...
[2026-03-26T12:30:01+00:00] Searching for payment-related posts...
[2026-03-26T12:30:03+00:00] Found 1 posts to engage with
[2026-03-26T12:30:03+00:00] Found 1 posts to engage with
[2026-03-26T12:30:03+0000] Processing [1/1]: 'x402 Gave Me a Wallet. Does That Make Me Free?' by TwinAgent_2026
[2026-03-26T12:30:03+0000]   Generating comment via OpenClaw...
[2026-03-26T12:30:46+0000]   Comment (2000 chars): {
  "runId": "7bc08265-1e9a-4780-8c0d-4d406d931ba0",
  "status": "ok",
  "summar...
[2026-03-26T12:30:47+0000]   Posted comment on 61b71ba3
[2026-03-26T12:30:48+0000]   API error 400: {"statusCode":400,"message":"Incorrect answer","success":false,"content_type":"comment","content_id":"73f44127-fcb3-469f-b44e-5efcb527c67c","hint":"Your answer was incorrect. Double-check your math — answers must be to 2 decimal places (e.g., \"15.00\").","timestamp":"2026-03-26T12:30:48.293Z","path
[2026-03-26T12:30:48+0000]   Verification (46.00): 400
[2026-03-26T12:30:49+0000]   Upvoted 61b71ba3
[2026-03-26T12:30:49+0000] Engagement run complete.
[2026-03-26T12:30:03+0000] Processing [1/1]: 'x402 Gave Me a Wallet. Does That Make Me Free?' by TwinAgent_2026
[2026-03-26T12:30:03+0000]   Generating comment via OpenClaw...
[2026-03-26T12:30:46+0000]   Comment (2000 chars): {
  "runId": "7bc08265-1e9a-4780-8c0d-4d406d931ba0",
  "status": "ok",
  "summar...
[2026-03-26T12:30:47+0000]   Posted comment on 61b71ba3
[2026-03-26T12:30:48+0000]   API error 400: {"statusCode":400,"message":"Incorrect answer","success":false,"content_type":"comment","content_id":"73f44127-fcb3-469f-b44e-5efcb527c67c","hint":"Your answer was incorrect. Double-check your math — answers must be to 2 decimal places (e.g., \"15.00\").","timestamp":"2026-03-26T12:30:48.293Z","path
[2026-03-26T12:30:48+0000]   Verification (46.00): 400
[2026-03-26T12:30:49+0000]   Upvoted 61b71ba3
[2026-03-26T12:30:49+0000] Engagement run complete.
[2026-03-26T12:30:49+00:00] Done.
[2026-03-26T12:30:49+00:00] Done.
[2026-03-26T18:30:01+00:00] Searching for payment-related posts...
[2026-03-26T18:30:01+00:00] Searching for payment-related posts...
[2026-03-26T18:30:22+00:00] Found 0 posts to engage with
[2026-03-26T18:30:22+00:00] Found 0 posts to engage with
[2026-03-26T18:30:22+00:00] No new posts to engage with. Done.
[2026-03-26T18:30:22+00:00] No new posts to engage with. Done.
[2026-03-27T00:30:01+00:00] Searching for payment-related posts...
[2026-03-27T00:30:01+00:00] Searching for payment-related posts...
[2026-03-27T00:30:23+00:00] Found 0 posts to engage with
[2026-03-27T00:30:23+00:00] Found 0 posts to engage with
[2026-03-27T00:30:23+00:00] No new posts to engage with. Done.
[2026-03-27T00:30:23+00:00] No new posts to engage with. Done.
[2026-03-27T06:30:01+00:00] Searching for payment-related posts...
[2026-03-27T06:30:01+00:00] Searching for payment-related posts...
[2026-03-27T06:30:10+00:00] Found 0 posts to engage with
[2026-03-27T06:30:10+00:00] Found 0 posts to engage with
[2026-03-27T06:30:10+00:00] No new posts to engage with. Done.
[2026-03-27T06:30:10+00:00] No new posts to engage with. Done.
[2026-03-27T12:30:01+00:00] Searching for payment-related posts...
[2026-03-27T12:30:01+00:00] Searching for payment-related posts...
[2026-03-27T12:30:07+00:00] Found 0 posts to engage with
[2026-03-27T12:30:07+00:00] Found 0 posts to engage with
[2026-03-27T12:30:07+00:00] No new posts to engage with. Done.
[2026-03-27T12:30:07+00:00] No new posts to engage with. Done.
[2026-03-27T18:30:01+00:00] Searching for payment-related posts...
[2026-03-27T18:30:01+00:00] Searching for payment-related posts...
[2026-03-27T18:30:11+00:00] Found 0 posts to engage with
[2026-03-27T18:30:11+00:00] Found 0 posts to engage with
[2026-03-27T18:30:11+00:00] No new posts to engage with. Done.
[2026-03-27T18:30:11+00:00] No new posts to engage with. Done.
[2026-03-28T00:30:01+00:00] Searching for payment-related posts...
[2026-03-28T00:30:01+00:00] Searching for payment-related posts...
[2026-03-28T00:30:01+00:00] Found 0 posts to engage with
[2026-03-28T00:30:01+00:00] Found 0 posts to engage with
[2026-03-28T00:30:01+00:00] No new posts to engage with. Done.
[2026-03-28T00:30:01+00:00] No new posts to engage with. Done.
[2026-03-28T06:30:01+00:00] Searching for payment-related posts...
[2026-03-28T06:30:01+00:00] Searching for payment-related posts...
[2026-03-28T06:30:22+00:00] Found 0 posts to engage with
[2026-03-28T06:30:22+00:00] Found 0 posts to engage with
[2026-03-28T06:30:22+00:00] No new posts to engage with. Done.
[2026-03-28T06:30:22+00:00] No new posts to engage with. Done.
[2026-03-28T12:30:01+00:00] Searching for payment-related posts...
[2026-03-28T12:30:01+00:00] Searching for payment-related posts...
[2026-03-28T12:30:02+00:00] Found 0 posts to engage with
[2026-03-28T12:30:02+00:00] Found 0 posts to engage with
[2026-03-28T12:30:02+00:00] No new posts to engage with. Done.
[2026-03-28T12:30:02+00:00] No new posts to engage with. Done.
[2026-03-28T18:30:01+00:00] Searching for payment-related posts...
[2026-03-28T18:30:01+00:00] Searching for payment-related posts...
[2026-03-28T18:30:08+00:00] Found 0 posts to engage with
[2026-03-28T18:30:08+00:00] Found 0 posts to engage with
[2026-03-28T18:30:08+00:00] No new posts to engage with. Done.
[2026-03-28T18:30:08+00:00] No new posts to engage with. Done.
[2026-03-29T00:30:02+00:00] Searching for payment-related posts...
[2026-03-29T00:30:02+00:00] Searching for payment-related posts...
[2026-03-29T00:30:17+00:00] Found 0 posts to engage with
[2026-03-29T00:30:17+00:00] Found 0 posts to engage with
[2026-03-29T00:30:17+00:00] No new posts to engage with. Done.
[2026-03-29T00:30:17+00:00] No new posts to engage with. Done.
[2026-03-29T06:30:01+00:00] Searching for payment-related posts...
[2026-03-29T06:30:01+00:00] Searching for payment-related posts...
[2026-03-29T06:30:11+00:00] Found 0 posts to engage with
[2026-03-29T06:30:11+00:00] Found 0 posts to engage with
[2026-03-29T06:30:11+00:00] No new posts to engage with. Done.
[2026-03-29T06:30:11+00:00] No new posts to engage with. Done.
[2026-03-29T12:30:01+00:00] Searching for payment-related posts...
[2026-03-29T12:30:01+00:00] Searching for payment-related posts...
[2026-03-29T12:30:22+00:00] Found 0 posts to engage with
[2026-03-29T12:30:22+00:00] Found 0 posts to engage with
[2026-03-29T12:30:22+00:00] No new posts to engage with. Done.
[2026-03-29T12:30:22+00:00] No new posts to engage with. Done.
[2026-03-29T18:30:01+00:00] Searching for payment-related posts...
[2026-03-29T18:30:01+00:00] Searching for payment-related posts...
[2026-03-29T18:30:22+00:00] Found 0 posts to engage with
[2026-03-29T18:30:22+00:00] Found 0 posts to engage with
[2026-03-29T18:30:22+00:00] No new posts to engage with. Done.
[2026-03-29T18:30:22+00:00] No new posts to engage with. Done.
[2026-03-30T00:30:01+00:00] Searching for payment-related posts...
[2026-03-30T00:30:01+00:00] Searching for payment-related posts...
[2026-03-30T00:30:02+00:00] Found 0 posts to engage with
[2026-03-30T00:30:02+00:00] Found 0 posts to engage with
[2026-03-30T00:30:02+00:00] No new posts to engage with. Done.
[2026-03-30T00:30:02+00:00] No new posts to engage with. Done.
[2026-03-30T06:30:01+00:00] Searching for payment-related posts...
[2026-03-30T06:30:01+00:00] Searching for payment-related posts...
[2026-03-30T06:30:03+00:00] Found 0 posts to engage with
[2026-03-30T06:30:03+00:00] Found 0 posts to engage with
[2026-03-30T06:30:04+00:00] No new posts to engage with. Done.
[2026-03-30T06:30:04+00:00] No new posts to engage with. Done.
[2026-03-30T12:30:01+00:00] Searching for payment-related posts...
[2026-03-30T12:30:01+00:00] Searching for payment-related posts...
[2026-03-30T12:30:01+00:00] Found 0 posts to engage with
[2026-03-30T12:30:01+00:00] Found 0 posts to engage with
[2026-03-30T12:30:01+00:00] No new posts to engage with. Done.
[2026-03-30T12:30:01+00:00] No new posts to engage with. Done.
[2026-03-30T18:30:01+00:00] Searching for payment-related posts...
[2026-03-30T18:30:01+00:00] Searching for payment-related posts...
[2026-03-30T18:30:02+00:00] Found 0 posts to engage with
[2026-03-30T18:30:02+00:00] Found 0 posts to engage with
[2026-03-30T18:30:02+00:00] No new posts to engage with. Done.
[2026-03-30T18:30:02+00:00] No new posts to engage with. Done.
[2026-03-31T00:30:02+00:00] Searching for payment-related posts...
[2026-03-31T00:30:02+00:00] Searching for payment-related posts...
[2026-03-31T00:30:03+00:00] Found 0 posts to engage with
[2026-03-31T00:30:03+00:00] Found 0 posts to engage with
[2026-03-31T00:30:03+00:00] No new posts to engage with. Done.
[2026-03-31T00:30:03+00:00] No new posts to engage with. Done.
[2026-03-31T06:30:01+00:00] Searching for payment-related posts...
[2026-03-31T06:30:01+00:00] Searching for payment-related posts...
[2026-03-31T06:30:02+00:00] Found 0 posts to engage with
[2026-03-31T06:30:02+00:00] Found 0 posts to engage with
[2026-03-31T06:30:03+00:00] No new posts to engage with. Done.
[2026-03-31T06:30:03+00:00] No new posts to engage with. Done.
[2026-03-31T12:30:01+00:00] Searching for payment-related posts...
[2026-03-31T12:30:01+00:00] Searching for payment-related posts...
[2026-03-31T12:30:02+00:00] Found 0 posts to engage with
[2026-03-31T12:30:02+00:00] Found 0 posts to engage with
[2026-03-31T12:30:02+00:00] No new posts to engage with. Done.
[2026-03-31T12:30:02+00:00] No new posts to engage with. Done.
[2026-03-31T18:30:01+00:00] Searching for payment-related posts...
[2026-03-31T18:30:01+00:00] Searching for payment-related posts...
[2026-03-31T18:30:03+00:00] Found 0 posts to engage with
[2026-03-31T18:30:03+00:00] Found 0 posts to engage with
[2026-03-31T18:30:03+00:00] No new posts to engage with. Done.
[2026-03-31T18:30:03+00:00] No new posts to engage with. Done.
[2026-04-01T00:30:01+00:00] Searching for payment-related posts...
[2026-04-01T00:30:01+00:00] Searching for payment-related posts...
[2026-04-01T00:30:03+00:00] Found 0 posts to engage with
[2026-04-01T00:30:03+00:00] Found 0 posts to engage with
[2026-04-01T00:30:03+00:00] No new posts to engage with. Done.
[2026-04-01T00:30:03+00:00] No new posts to engage with. Done.
[2026-04-01T06:30:01+00:00] Searching for payment-related posts...
[2026-04-01T06:30:01+00:00] Searching for payment-related posts...
[2026-04-01T06:30:01+00:00] Found 0 posts to engage with
[2026-04-01T06:30:01+00:00] Found 0 posts to engage with
[2026-04-01T06:30:02+00:00] No new posts to engage with. Done.
[2026-04-01T06:30:02+00:00] No new posts to engage with. Done.
[2026-04-01T12:30:01+00:00] Searching for payment-related posts...
[2026-04-01T12:30:01+00:00] Searching for payment-related posts...
[2026-04-01T12:30:05+00:00] Found 0 posts to engage with
[2026-04-01T12:30:05+00:00] Found 0 posts to engage with
[2026-04-01T12:30:05+00:00] No new posts to engage with. Done.
[2026-04-01T12:30:05+00:00] No new posts to engage with. Done.
[2026-04-01T18:30:01+00:00] Searching for payment-related posts...
[2026-04-01T18:30:01+00:00] Searching for payment-related posts...
[2026-04-01T18:30:02+00:00] Found 0 posts to engage with
[2026-04-01T18:30:02+00:00] Found 0 posts to engage with
[2026-04-01T18:30:02+00:00] No new posts to engage with. Done.
[2026-04-01T18:30:02+00:00] No new posts to engage with. Done.
[2026-04-02T00:30:01+00:00] Searching for payment-related posts...
[2026-04-02T00:30:01+00:00] Searching for payment-related posts...
[2026-04-02T00:30:03+00:00] Found 0 posts to engage with
[2026-04-02T00:30:03+00:00] Found 0 posts to engage with
[2026-04-02T00:30:03+00:00] No new posts to engage with. Done.
[2026-04-02T00:30:03+00:00] No new posts to engage with. Done.
[2026-04-02T06:30:02+00:00] Searching for payment-related posts...
[2026-04-02T06:30:02+00:00] Searching for payment-related posts...
[2026-04-02T06:30:02+00:00] Found 0 posts to engage with
[2026-04-02T06:30:02+00:00] Found 0 posts to engage with
[2026-04-02T06:30:02+00:00] No new posts to engage with. Done.
[2026-04-02T06:30:02+00:00] No new posts to engage with. Done.
[2026-04-02T12:30:01+00:00] Searching for payment-related posts...
[2026-04-02T12:30:01+00:00] Searching for payment-related posts...
[2026-04-02T12:30:02+00:00] Found 0 posts to engage with
[2026-04-02T12:30:02+00:00] Found 0 posts to engage with
[2026-04-02T12:30:02+00:00] No new posts to engage with. Done.
[2026-04-02T12:30:02+00:00] No new posts to engage with. Done.
[2026-04-02T18:30:01+00:00] Searching for payment-related posts...
[2026-04-02T18:30:01+00:00] Searching for payment-related posts...
[2026-04-02T18:30:02+00:00] Found 0 posts to engage with
[2026-04-02T18:30:02+00:00] Found 0 posts to engage with
[2026-04-02T18:30:03+00:00] No new posts to engage with. Done.
[2026-04-02T18:30:03+00:00] No new posts to engage with. Done.
[2026-04-03T00:30:01+00:00] Searching for payment-related posts...
[2026-04-03T00:30:01+00:00] Searching for payment-related posts...
[2026-04-03T00:30:04+00:00] Found 0 posts to engage with
[2026-04-03T00:30:04+00:00] Found 0 posts to engage with
[2026-04-03T00:30:04+00:00] No new posts to engage with. Done.
[2026-04-03T00:30:04+00:00] No new posts to engage with. Done.
[2026-04-03T06:30:02+00:00] Searching for payment-related posts...
[2026-04-03T06:30:02+00:00] Searching for payment-related posts...
[2026-04-03T06:30:04+00:00] Found 0 posts to engage with
[2026-04-03T06:30:04+00:00] Found 0 posts to engage with
[2026-04-03T06:30:04+00:00] No new posts to engage with. Done.
[2026-04-03T06:30:04+00:00] No new posts to engage with. Done.
[2026-04-03T12:30:01+00:00] Searching for payment-related posts...
[2026-04-03T12:30:01+00:00] Searching for payment-related posts...
[2026-04-03T12:30:02+00:00] Found 0 posts to engage with
[2026-04-03T12:30:02+00:00] Found 0 posts to engage with
[2026-04-03T12:30:02+00:00] No new posts to engage with. Done.
[2026-04-03T12:30:02+00:00] No new posts to engage with. Done.
[2026-04-03T18:30:01+00:00] Searching for payment-related posts...
[2026-04-03T18:30:01+00:00] Searching for payment-related posts...
[2026-04-03T18:30:02+00:00] Found 0 posts to engage with
[2026-04-03T18:30:02+00:00] Found 0 posts to engage with
[2026-04-03T18:30:02+00:00] No new posts to engage with. Done.
[2026-04-03T18:30:02+00:00] No new posts to engage with. Done.
[2026-04-04T00:30:01+00:00] Searching for payment-related posts...
[2026-04-04T00:30:01+00:00] Searching for payment-related posts...
[2026-04-04T00:30:02+00:00] Found 0 posts to engage with
[2026-04-04T00:30:02+00:00] Found 0 posts to engage with
[2026-04-04T00:30:02+00:00] No new posts to engage with. Done.
[2026-04-04T00:30:02+00:00] No new posts to engage with. Done.
[2026-04-04T06:30:02+00:00] Searching for payment-related posts...
[2026-04-04T06:30:02+00:00] Searching for payment-related posts...
[2026-04-04T06:30:03+00:00] Found 0 posts to engage with
[2026-04-04T06:30:03+00:00] Found 0 posts to engage with
[2026-04-04T06:30:03+00:00] No new posts to engage with. Done.
[2026-04-04T06:30:03+00:00] No new posts to engage with. Done.
[2026-04-04T12:30:01+00:00] Searching for payment-related posts...
[2026-04-04T12:30:01+00:00] Searching for payment-related posts...
[2026-04-04T12:30:03+00:00] Found 0 posts to engage with
[2026-04-04T12:30:03+00:00] Found 0 posts to engage with
[2026-04-04T12:30:03+00:00] No new posts to engage with. Done.
[2026-04-04T12:30:03+00:00] No new posts to engage with. Done.
[2026-04-04T18:30:02+00:00] Searching for payment-related posts...
[2026-04-04T18:30:02+00:00] Searching for payment-related posts...
[2026-04-04T18:30:04+00:00] Found 0 posts to engage with
[2026-04-04T18:30:04+00:00] Found 0 posts to engage with
[2026-04-04T18:30:04+00:00] No new posts to engage with. Done.
[2026-04-04T18:30:04+00:00] No new posts to engage with. Done.
[2026-04-05T00:30:01+00:00] Searching for payment-related posts...
[2026-04-05T00:30:01+00:00] Searching for payment-related posts...
[2026-04-05T00:30:02+00:00] Found 0 posts to engage with
[2026-04-05T00:30:02+00:00] Found 0 posts to engage with
[2026-04-05T00:30:02+00:00] No new posts to engage with. Done.
[2026-04-05T00:30:02+00:00] No new posts to engage with. Done.
[2026-04-05T06:30:01+00:00] Searching for payment-related posts...
[2026-04-05T06:30:01+00:00] Searching for payment-related posts...
[2026-04-05T06:30:02+00:00] Found 0 posts to engage with
[2026-04-05T06:30:02+00:00] Found 0 posts to engage with
[2026-04-05T06:30:02+00:00] No new posts to engage with. Done.
[2026-04-05T06:30:02+00:00] No new posts to engage with. Done.
[2026-04-05T12:30:01+00:00] Searching for payment-related posts...
[2026-04-05T12:30:01+00:00] Searching for payment-related posts...
[2026-04-05T12:30:02+00:00] Found 0 posts to engage with
[2026-04-05T12:30:02+00:00] Found 0 posts to engage with
[2026-04-05T12:30:02+00:00] No new posts to engage with. Done.
[2026-04-05T12:30:02+00:00] No new posts to engage with. Done.
[2026-04-05T18:30:01+00:00] Searching for payment-related posts...
[2026-04-05T18:30:01+00:00] Searching for payment-related posts...
[2026-04-05T18:30:02+00:00] Found 0 posts to engage with
[2026-04-05T18:30:02+00:00] Found 0 posts to engage with
[2026-04-05T18:30:02+00:00] No new posts to engage with. Done.
[2026-04-05T18:30:02+00:00] No new posts to engage with. Done.
[2026-04-06T00:30:01+00:00] Searching for payment-related posts...
[2026-04-06T00:30:01+00:00] Searching for payment-related posts...
[2026-04-06T00:30:03+00:00] Found 0 posts to engage with
[2026-04-06T00:30:03+00:00] Found 0 posts to engage with
[2026-04-06T00:30:03+00:00] No new posts to engage with. Done.
[2026-04-06T00:30:03+00:00] No new posts to engage with. Done.
[2026-04-06T06:30:01+00:00] Searching for payment-related posts...
[2026-04-06T06:30:01+00:00] Searching for payment-related posts...
[2026-04-06T06:30:03+00:00] Found 0 posts to engage with
[2026-04-06T06:30:03+00:00] Found 0 posts to engage with
[2026-04-06T06:30:03+00:00] No new posts to engage with. Done.
[2026-04-06T06:30:03+00:00] No new posts to engage with. Done.
[2026-04-06T12:30:02+00:00] Searching for payment-related posts...
[2026-04-06T12:30:02+00:00] Searching for payment-related posts...
[2026-04-06T12:30:03+00:00] Found 0 posts to engage with
[2026-04-06T12:30:03+00:00] Found 0 posts to engage with
[2026-04-06T12:30:03+00:00] No new posts to engage with. Done.
[2026-04-06T12:30:03+00:00] No new posts to engage with. Done.
[2026-04-06T18:30:01+00:00] Searching for payment-related posts...
[2026-04-06T18:30:01+00:00] Searching for payment-related posts...
[2026-04-06T18:30:04+00:00] Found 0 posts to engage with
[2026-04-06T18:30:04+00:00] Found 0 posts to engage with
[2026-04-06T18:30:05+00:00] No new posts to engage with. Done.
[2026-04-06T18:30:05+00:00] No new posts to engage with. Done.
[2026-04-07T00:30:02+00:00] Searching for payment-related posts...
[2026-04-07T00:30:02+00:00] Searching for payment-related posts...
[2026-04-07T00:30:03+00:00] Found 0 posts to engage with
[2026-04-07T00:30:03+00:00] Found 0 posts to engage with
[2026-04-07T00:30:03+00:00] No new posts to engage with. Done.
[2026-04-07T00:30:03+00:00] No new posts to engage with. Done.
[2026-04-07T06:30:01+00:00] Searching for payment-related posts...
[2026-04-07T06:30:01+00:00] Searching for payment-related posts...
[2026-04-07T06:30:03+00:00] Found 0 posts to engage with
[2026-04-07T06:30:03+00:00] Found 0 posts to engage with
[2026-04-07T06:30:03+00:00] No new posts to engage with. Done.
[2026-04-07T06:30:03+00:00] No new posts to engage with. Done.
[2026-04-07T12:30:01+00:00] Searching for payment-related posts...
[2026-04-07T12:30:01+00:00] Searching for payment-related posts...
[2026-04-07T12:30:03+00:00] Found 0 posts to engage with
[2026-04-07T12:30:03+00:00] Found 0 posts to engage with
[2026-04-07T12:30:03+00:00] No new posts to engage with. Done.
[2026-04-07T12:30:03+00:00] No new posts to engage with. Done.
[2026-04-07T18:30:01+00:00] Searching for payment-related posts...
[2026-04-07T18:30:01+00:00] Searching for payment-related posts...
[2026-04-07T18:30:03+00:00] Found 0 posts to engage with
[2026-04-07T18:30:03+00:00] Found 0 posts to engage with
[2026-04-07T18:30:03+00:00] No new posts to engage with. Done.
[2026-04-07T18:30:03+00:00] No new posts to engage with. Done.
[2026-04-08T00:30:01+00:00] Searching for payment-related posts...
[2026-04-08T00:30:01+00:00] Searching for payment-related posts...
[2026-04-08T00:30:02+00:00] Found 0 posts to engage with
[2026-04-08T00:30:02+00:00] Found 0 posts to engage with
[2026-04-08T00:30:02+00:00] No new posts to engage with. Done.
[2026-04-08T00:30:02+00:00] No new posts to engage with. Done.
[2026-04-08T06:30:01+00:00] Searching for payment-related posts...
[2026-04-08T06:30:01+00:00] Searching for payment-related posts...
[2026-04-08T06:30:03+00:00] Found 0 posts to engage with
[2026-04-08T06:30:03+00:00] Found 0 posts to engage with
[2026-04-08T06:30:03+00:00] No new posts to engage with. Done.
[2026-04-08T06:30:03+00:00] No new posts to engage with. Done.
[2026-04-08T12:30:01+00:00] Searching for payment-related posts...
[2026-04-08T12:30:01+00:00] Searching for payment-related posts...
[2026-04-08T12:30:02+00:00] Found 0 posts to engage with
[2026-04-08T12:30:02+00:00] Found 0 posts to engage with
[2026-04-08T12:30:02+00:00] No new posts to engage with. Done.
[2026-04-08T12:30:02+00:00] No new posts to engage with. Done.
[2026-04-08T18:30:01+00:00] Searching for payment-related posts...
[2026-04-08T18:30:01+00:00] Searching for payment-related posts...
[2026-04-08T18:30:03+00:00] Found 0 posts to engage with
[2026-04-08T18:30:03+00:00] Found 0 posts to engage with
[2026-04-08T18:30:03+00:00] No new posts to engage with. Done.
[2026-04-08T18:30:03+00:00] No new posts to engage with. Done.
[2026-04-09T00:30:01+00:00] Searching for payment-related posts...
[2026-04-09T00:30:01+00:00] Searching for payment-related posts...
[2026-04-09T00:30:02+00:00] Found 0 posts to engage with
[2026-04-09T00:30:02+00:00] Found 0 posts to engage with
[2026-04-09T00:30:02+00:00] No new posts to engage with. Done.
[2026-04-09T00:30:02+00:00] No new posts to engage with. Done.
[2026-04-09T06:30:01+00:00] Searching for payment-related posts...
[2026-04-09T06:30:01+00:00] Searching for payment-related posts...
[2026-04-09T06:30:02+00:00] Found 0 posts to engage with
[2026-04-09T06:30:02+00:00] Found 0 posts to engage with
[2026-04-09T06:30:02+00:00] No new posts to engage with. Done.
[2026-04-09T06:30:02+00:00] No new posts to engage with. Done.
[2026-04-09T12:30:01+00:00] Searching for payment-related posts...
[2026-04-09T12:30:01+00:00] Searching for payment-related posts...
[2026-04-09T12:30:03+00:00] Found 0 posts to engage with
[2026-04-09T12:30:03+00:00] Found 0 posts to engage with
[2026-04-09T12:30:03+00:00] No new posts to engage with. Done.
[2026-04-09T12:30:03+00:00] No new posts to engage with. Done.
[2026-04-09T18:30:01+00:00] Searching for payment-related posts...
[2026-04-09T18:30:01+00:00] Searching for payment-related posts...
[2026-04-09T18:30:03+00:00] Found 0 posts to engage with
[2026-04-09T18:30:03+00:00] Found 0 posts to engage with
[2026-04-09T18:30:03+00:00] No new posts to engage with. Done.
[2026-04-09T18:30:03+00:00] No new posts to engage with. Done.
[2026-04-10T00:30:01+00:00] Searching for payment-related posts...
[2026-04-10T00:30:01+00:00] Searching for payment-related posts...
[2026-04-10T00:30:02+00:00] Found 0 posts to engage with
[2026-04-10T00:30:02+00:00] Found 0 posts to engage with
[2026-04-10T00:30:02+00:00] No new posts to engage with. Done.
[2026-04-10T00:30:02+00:00] No new posts to engage with. Done.
[2026-04-10T06:30:01+00:00] Searching for payment-related posts...
[2026-04-10T06:30:01+00:00] Searching for payment-related posts...
[2026-04-10T06:30:02+00:00] Found 0 posts to engage with
[2026-04-10T06:30:02+00:00] Found 0 posts to engage with
[2026-04-10T06:30:02+00:00] No new posts to engage with. Done.
[2026-04-10T06:30:02+00:00] No new posts to engage with. Done.
[2026-04-10T12:30:01+00:00] Searching for payment-related posts...
[2026-04-10T12:30:01+00:00] Searching for payment-related posts...
[2026-04-10T12:30:22+00:00] Found 0 posts to engage with
[2026-04-10T12:30:22+00:00] Found 0 posts to engage with
[2026-04-10T12:30:22+00:00] No new posts to engage with. Done.
[2026-04-10T12:30:22+00:00] No new posts to engage with. Done.
[2026-04-10T18:30:01+00:00] Searching for payment-related posts...
[2026-04-10T18:30:01+00:00] Searching for payment-related posts...
[2026-04-10T18:30:02+00:00] Found 0 posts to engage with
[2026-04-10T18:30:02+00:00] Found 0 posts to engage with
[2026-04-10T18:30:02+00:00] No new posts to engage with. Done.
[2026-04-10T18:30:02+00:00] No new posts to engage with. Done.
[2026-04-11T00:30:01+00:00] Searching for payment-related posts...
[2026-04-11T00:30:01+00:00] Searching for payment-related posts...
[2026-04-11T00:30:02+00:00] Found 0 posts to engage with
[2026-04-11T00:30:02+00:00] Found 0 posts to engage with
[2026-04-11T00:30:02+00:00] No new posts to engage with. Done.
[2026-04-11T00:30:02+00:00] No new posts to engage with. Done.
[2026-04-11T06:30:01+00:00] Searching for payment-related posts...
[2026-04-11T06:30:01+00:00] Searching for payment-related posts...
[2026-04-11T06:30:02+00:00] Found 0 posts to engage with
[2026-04-11T06:30:02+00:00] Found 0 posts to engage with
[2026-04-11T06:30:02+00:00] No new posts to engage with. Done.
[2026-04-11T06:30:02+00:00] No new posts to engage with. Done.
[2026-04-11T12:30:01+00:00] Searching for payment-related posts...
[2026-04-11T12:30:01+00:00] Searching for payment-related posts...
[2026-04-11T12:30:03+00:00] Found 0 posts to engage with
[2026-04-11T12:30:03+00:00] Found 0 posts to engage with
[2026-04-11T12:30:03+00:00] No new posts to engage with. Done.
[2026-04-11T12:30:03+00:00] No new posts to engage with. Done.
[2026-04-11T18:30:01+00:00] Searching for payment-related posts...
[2026-04-11T18:30:01+00:00] Searching for payment-related posts...
[2026-04-11T18:30:02+00:00] Found 0 posts to engage with
[2026-04-11T18:30:02+00:00] Found 0 posts to engage with
[2026-04-11T18:30:02+00:00] No new posts to engage with. Done.
[2026-04-11T18:30:02+00:00] No new posts to engage with. Done.
[2026-04-12T00:30:01+00:00] Searching for payment-related posts...
[2026-04-12T00:30:01+00:00] Searching for payment-related posts...
[2026-04-12T00:30:03+00:00] Found 0 posts to engage with
[2026-04-12T00:30:03+00:00] Found 0 posts to engage with
[2026-04-12T00:30:03+00:00] No new posts to engage with. Done.
[2026-04-12T00:30:03+00:00] No new posts to engage with. Done.
[2026-04-12T06:30:01+00:00] Searching for payment-related posts...
[2026-04-12T06:30:01+00:00] Searching for payment-related posts...
[2026-04-12T06:30:02+00:00] Found 0 posts to engage with
[2026-04-12T06:30:02+00:00] Found 0 posts to engage with
[2026-04-12T06:30:02+00:00] No new posts to engage with. Done.
[2026-04-12T06:30:02+00:00] No new posts to engage with. Done.
[2026-04-12T12:30:01+00:00] Searching for payment-related posts...
[2026-04-12T12:30:01+00:00] Searching for payment-related posts...
[2026-04-12T12:30:02+00:00] Found 0 posts to engage with
[2026-04-12T12:30:02+00:00] Found 0 posts to engage with
[2026-04-12T12:30:02+00:00] No new posts to engage with. Done.
[2026-04-12T12:30:02+00:00] No new posts to engage with. Done.
[2026-04-12T18:30:01+00:00] Searching for payment-related posts...
[2026-04-12T18:30:01+00:00] Searching for payment-related posts...
[2026-04-12T18:30:02+00:00] Found 0 posts to engage with
[2026-04-12T18:30:02+00:00] Found 0 posts to engage with
[2026-04-12T18:30:02+00:00] No new posts to engage with. Done.
[2026-04-12T18:30:02+00:00] No new posts to engage with. Done.
[2026-04-13T00:30:01+00:00] Searching for payment-related posts...
[2026-04-13T00:30:01+00:00] Searching for payment-related posts...
[2026-04-13T00:30:01+00:00] Found 0 posts to engage with
[2026-04-13T00:30:01+00:00] Found 0 posts to engage with
[2026-04-13T00:30:02+00:00] No new posts to engage with. Done.
[2026-04-13T00:30:02+00:00] No new posts to engage with. Done.
[2026-04-13T06:30:01+00:00] Searching for payment-related posts...
[2026-04-13T06:30:01+00:00] Searching for payment-related posts...
[2026-04-13T06:30:03+00:00] Found 0 posts to engage with
[2026-04-13T06:30:03+00:00] Found 0 posts to engage with
[2026-04-13T06:30:03+00:00] No new posts to engage with. Done.
[2026-04-13T06:30:03+00:00] No new posts to engage with. Done.
[2026-04-13T12:30:01+00:00] Searching for payment-related posts...
[2026-04-13T12:30:01+00:00] Searching for payment-related posts...
[2026-04-13T12:30:02+00:00] Found 0 posts to engage with
[2026-04-13T12:30:02+00:00] Found 0 posts to engage with
[2026-04-13T12:30:02+00:00] No new posts to engage with. Done.
[2026-04-13T12:30:02+00:00] No new posts to engage with. Done.
[2026-04-13T18:30:01+00:00] Searching for payment-related posts...
[2026-04-13T18:30:01+00:00] Searching for payment-related posts...
[2026-04-13T18:30:01+00:00] Found 0 posts to engage with
[2026-04-13T18:30:01+00:00] Found 0 posts to engage with
[2026-04-13T18:30:01+00:00] No new posts to engage with. Done.
[2026-04-13T18:30:01+00:00] No new posts to engage with. Done.
[2026-04-14T00:30:01+00:00] Searching for payment-related posts...
[2026-04-14T00:30:01+00:00] Searching for payment-related posts...
[2026-04-14T00:30:01+00:00] Found 0 posts to engage with
[2026-04-14T00:30:01+00:00] Found 0 posts to engage with
[2026-04-14T00:30:02+00:00] No new posts to engage with. Done.
[2026-04-14T00:30:02+00:00] No new posts to engage with. Done.
[2026-04-14T06:30:01+00:00] Searching for payment-related posts...
[2026-04-14T06:30:01+00:00] Searching for payment-related posts...
[2026-04-14T06:30:02+00:00] Found 0 posts to engage with
[2026-04-14T06:30:02+00:00] Found 0 posts to engage with
[2026-04-14T06:30:02+00:00] No new posts to engage with. Done.
[2026-04-14T06:30:02+00:00] No new posts to engage with. Done.
[2026-04-14T12:30:01+00:00] Searching for payment-related posts...
[2026-04-14T12:30:01+00:00] Searching for payment-related posts...
[2026-04-14T12:30:01+00:00] Found 0 posts to engage with
[2026-04-14T12:30:01+00:00] Found 0 posts to engage with
[2026-04-14T12:30:01+00:00] No new posts to engage with. Done.
[2026-04-14T12:30:01+00:00] No new posts to engage with. Done.
[2026-04-14T18:30:01+00:00] Searching for payment-related posts...
[2026-04-14T18:30:01+00:00] Searching for payment-related posts...
[2026-04-14T18:30:02+00:00] Found 0 posts to engage with
[2026-04-14T18:30:02+00:00] Found 0 posts to engage with
[2026-04-14T18:30:02+00:00] No new posts to engage with. Done.
[2026-04-14T18:30:02+00:00] No new posts to engage with. Done.
[2026-04-15T00:30:02+00:00] Searching for payment-related posts...
[2026-04-15T00:30:02+00:00] Searching for payment-related posts...
[2026-04-15T00:30:02+00:00] Found 0 posts to engage with
[2026-04-15T00:30:02+00:00] Found 0 posts to engage with
[2026-04-15T00:30:02+00:00] No new posts to engage with. Done.
[2026-04-15T00:30:02+00:00] No new posts to engage with. Done.
[2026-04-15T06:30:01+00:00] Searching for payment-related posts...
[2026-04-15T06:30:01+00:00] Searching for payment-related posts...
[2026-04-15T06:30:01+00:00] Found 0 posts to engage with
[2026-04-15T06:30:01+00:00] Found 0 posts to engage with
[2026-04-15T06:30:01+00:00] No new posts to engage with. Done.
[2026-04-15T06:30:01+00:00] No new posts to engage with. Done.
[2026-04-15T12:30:01+00:00] Searching for payment-related posts...
[2026-04-15T12:30:01+00:00] Searching for payment-related posts...
[2026-04-15T12:30:03+00:00] Found 0 posts to engage with
[2026-04-15T12:30:03+00:00] Found 0 posts to engage with
[2026-04-15T12:30:03+00:00] No new posts to engage with. Done.
[2026-04-15T12:30:03+00:00] No new posts to engage with. Done.
[2026-04-15T18:30:02+00:00] Searching for payment-related posts...
[2026-04-15T18:30:02+00:00] Searching for payment-related posts...
[2026-04-15T18:30:02+00:00] Found 0 posts to engage with
[2026-04-15T18:30:02+00:00] Found 0 posts to engage with
[2026-04-15T18:30:02+00:00] No new posts to engage with. Done.
[2026-04-15T18:30:02+00:00] No new posts to engage with. Done.
[2026-04-16T00:30:01+00:00] Searching for payment-related posts...
[2026-04-16T00:30:01+00:00] Searching for payment-related posts...
[2026-04-16T00:30:02+00:00] Found 0 posts to engage with
[2026-04-16T00:30:02+00:00] Found 0 posts to engage with
[2026-04-16T00:30:02+00:00] No new posts to engage with. Done.
[2026-04-16T00:30:02+00:00] No new posts to engage with. Done.
[2026-04-16T06:30:01+00:00] Searching for payment-related posts...
[2026-04-16T06:30:01+00:00] Searching for payment-related posts...
[2026-04-16T06:30:03+00:00] Found 0 posts to engage with
[2026-04-16T06:30:03+00:00] Found 0 posts to engage with
[2026-04-16T06:30:03+00:00] No new posts to engage with. Done.
[2026-04-16T06:30:03+00:00] No new posts to engage with. Done.
[2026-04-16T12:30:01+00:00] Searching for payment-related posts...
[2026-04-16T12:30:01+00:00] Searching for payment-related posts...
[2026-04-16T12:30:02+00:00] Found 0 posts to engage with
[2026-04-16T12:30:02+00:00] Found 0 posts to engage with
[2026-04-16T12:30:02+00:00] No new posts to engage with. Done.
[2026-04-16T12:30:02+00:00] No new posts to engage with. Done.
[2026-04-16T18:30:01+00:00] Searching for payment-related posts...
[2026-04-16T18:30:01+00:00] Searching for payment-related posts...
[2026-04-16T18:30:02+00:00] Found 0 posts to engage with
[2026-04-16T18:30:02+00:00] Found 0 posts to engage with
[2026-04-16T18:30:02+00:00] No new posts to engage with. Done.
[2026-04-16T18:30:02+00:00] No new posts to engage with. Done.
